#
# There is insufficient memory for the Java Runtime Environment to continue.
# Native memory allocation (mmap) failed to map 102760448 bytes for G1 virtual space
# Possible reasons:
#   The system is out of physical RAM or swap space
#   The process is running with CompressedOops enabled, and the Java Heap may be blocking the growth of the native heap
# Possible solutions:
#   Reduce memory load on the system
#   Increase physical memory or swap space
#   Check if swap backing store is full
#   Decrease Java heap size (-Xmx/-Xms)
#   Decrease number of Java threads
#   Decrease Java thread stack sizes (-Xss)
#   Set larger code cache with -XX:ReservedCodeCacheSize=
#   JVM is running with Unscaled Compressed Oops mode in which the Java heap is
#     placed in the first 4GB address space. The Java Heap base address is the
#     maximum limit for the native heap growth. Please use -XX:HeapBaseMinAddress
#     to set the Java Heap base and to place the Java Heap above 4GB virtual address.
# This output file may be truncated or incomplete.
#
#  Out of Memory Error (./open/src/hotspot/os/windows/os_windows.cpp:3472), pid=668, tid=6208
#
# JRE version: Java(TM) SE Runtime Environment (15.0.1+9) (build 15.0.1+9-18)
# Java VM: Java HotSpot(TM) 64-Bit Server VM (15.0.1+9-18, mixed mode, sharing, tiered, compressed oops, g1 gc, windows-amd64)
# No core dump will be written. Minidumps are not enabled by default on client versions of Windows
#

---------------  S U M M A R Y ------------

Command Line: --module-path=C:\Program Files\Java\javafx-sdk-18\lib --add-modules=javafx.controls,javafx.fxml -Dfile.encoding=Cp1252 -XX:+ShowCodeDetailsInExceptionMessages application.Main

Host: Intel(R) Core(TM) i5-9300H CPU @ 2.40GHz, 8 cores, 7G,  Windows 10 , 64 bit Build 22000 (10.0.22000.613)
Time: Wed Apr 20 17:11:04 2022 Romance Daylight Time elapsed time: 4.432359 seconds (0d 0h 0m 4s)

---------------  T H R E A D  ---------------

Current thread (0x00000194595dcbc0):  VMThread "VM Thread" [stack: 0x0000002354100000,0x0000002354200000] [id=6208]

Stack: [0x0000002354100000,0x0000002354200000]
[error occurred during error reporting (printing stack bounds), id 0xc0000005, EXCEPTION_ACCESS_VIOLATION (0xc0000005) at pc=0x0000019442d810ad]

Native frames: (J=compiled Java code, j=interpreted, Vv=VM code, C=native code)
V  [jvm.dll+0x62ae9a]
V  [jvm.dll+0x781389]
V  [jvm.dll+0x782ae3]
V  [jvm.dll+0x7830a5]
V  [jvm.dll+0x78305b]
V  [jvm.dll+0x62a2b9]
V  [jvm.dll+0x62aa88]
C  [ntdll.dll+0xa86ef]
C  [ntdll.dll+0x35aea]
C  [ntdll.dll+0xa76fe]
C  0x0000019442d810ad

VM_Operation (0x00000023550fc7d0): G1TryInitiateConcMark, mode: safepoint, requested by thread 0x000001945a86fb00


---------------  P R O C E S S  ---------------

Threads class SMR info:
_java_thread_list=0x000001945b9a6280, length=18, elements={
0x000001943ab426f0, 0x00000194595e0450, 0x00000194595e1020, 0x00000194595fc050,
0x00000194595fea20, 0x00000194596013e0, 0x000001945960a0d0, 0x000001945960f3d0,
0x000001945960fdc0, 0x000001945a035650, 0x000001945a28d480, 0x000001945a86e7c0,
0x000001945a8717e0, 0x000001945a86fb00, 0x000001945a86ffd0, 0x000001945a870970,
0x000001945a763c60, 0x000001945a765940
}

Java Threads: ( => current thread )
  0x000001943ab426f0 JavaThread "main" [_thread_blocked, id=17556, stack(0x0000002353b00000,0x0000002353c00000)]
  0x00000194595e0450 JavaThread "Reference Handler" daemon [_thread_blocked, id=20836, stack(0x0000002354200000,0x0000002354300000)]
  0x00000194595e1020 JavaThread "Finalizer" daemon [_thread_blocked, id=13068, stack(0x0000002354300000,0x0000002354400000)]
  0x00000194595fc050 JavaThread "Signal Dispatcher" daemon [_thread_blocked, id=11580, stack(0x0000002354400000,0x0000002354500000)]
  0x00000194595fea20 JavaThread "Attach Listener" daemon [_thread_blocked, id=21572, stack(0x0000002354500000,0x0000002354600000)]
  0x00000194596013e0 JavaThread "Service Thread" daemon [_thread_blocked, id=10876, stack(0x0000002354600000,0x0000002354700000)]
  0x000001945960a0d0 JavaThread "C2 CompilerThread0" daemon [_thread_blocked, id=19080, stack(0x0000002354700000,0x0000002354800000)]
  0x000001945960f3d0 JavaThread "C1 CompilerThread0" daemon [_thread_blocked, id=20236, stack(0x0000002354800000,0x0000002354900000)]
  0x000001945960fdc0 JavaThread "Sweeper thread" daemon [_thread_blocked, id=18612, stack(0x0000002354900000,0x0000002354a00000)]
  0x000001945a035650 JavaThread "Common-Cleaner" daemon [_thread_blocked, id=5600, stack(0x0000002354a00000,0x0000002354b00000)]
  0x000001945a28d480 JavaThread "Notification Thread" daemon [_thread_blocked, id=20876, stack(0x0000002354c00000,0x0000002354d00000)]
  0x000001945a86e7c0 JavaThread "QuantumRenderer-0" daemon [_thread_blocked, id=636, stack(0x0000002354e00000,0x0000002354f00000)]
  0x000001945a8717e0 JavaThread "InvokeLaterDispatcher" daemon [_thread_blocked, id=18876, stack(0x0000002354f00000,0x0000002355000000)]
  0x000001945a86fb00 JavaThread "JavaFX Application Thread" [_thread_blocked, id=23116, stack(0x0000002355000000,0x0000002355100000)]
  0x000001945a86ffd0 JavaThread "JavaFX-Launcher" [_thread_blocked, id=14356, stack(0x0000002355500000,0x0000002355600000)]
  0x000001945a870970 JavaThread "Thread-2" daemon [_thread_blocked, id=9092, stack(0x0000002355400000,0x0000002355500000)]
  0x000001945a763c60 JavaThread "Prism Font Disposer" daemon [_thread_blocked, id=5540, stack(0x0000002355e00000,0x0000002355f00000)]
  0x000001945a765940 JavaThread "Cleaner-0" daemon [_thread_blocked, id=20932, stack(0x0000002354b00000,0x0000002354c00000)]

Other Threads:
=>0x00000194595dcbc0 VMThread "VM Thread" [stack: 0x0000002354100000,0x0000002354200000] [id=6208]
  0x000001943ab434f0 WatcherThread [stack: 0x0000002354d00000,0x0000002354e00000] [id=16700]
  0x000001943ab835f0 GCTaskThread "GC Thread#0" [stack: 0x0000002353c00000,0x0000002353d00000] [id=20516]
  0x000001945a755c40 GCTaskThread "GC Thread#1" [stack: 0x0000002355600000,0x0000002355700000] [id=11576]
  0x000001945a755f70 GCTaskThread "GC Thread#2" [stack: 0x0000002355700000,0x0000002355800000] [id=16400]
  0x000001945a7562a0 GCTaskThread "GC Thread#3" [stack: 0x0000002355800000,0x0000002355900000] [id=15416]
  0x000001945a7575c0 GCTaskThread "GC Thread#4" [stack: 0x0000002355900000,0x0000002355a00000] [id=22036]
  0x000001945a7588e0 GCTaskThread "GC Thread#5" [stack: 0x0000002355a00000,0x0000002355b00000] [id=16056]
  0x000001943ab94540 ConcurrentGCThread "G1 Main Marker" [stack: 0x0000002353d00000,0x0000002353e00000] [id=22624]
  0x000001943ab95950 ConcurrentGCThread "G1 Conc#0" [stack: 0x0000002353e00000,0x0000002353f00000] [id=20240]
  0x000001945a7585b0 ConcurrentGCThread "G1 Conc#1" [stack: 0x0000002355f00000,0x0000002356000000] [id=16412]
  0x000001943ac10b30 ConcurrentGCThread "G1 Refine#0" [stack: 0x0000002353f00000,0x0000002354000000] [id=19284]
  0x000001943ac117b0 ConcurrentGCThread "G1 Young RemSet Sampling" [stack: 0x0000002354000000,0x0000002354100000] [id=14312]

Threads with active compile tasks:

VM state: at safepoint (normal execution)

VM Mutex/Monitor currently owned by a thread:  ([mutex/lock_event])
[0x000001943ab3d220] Threads_lock - owner thread: 0x00000194595dcbc0
[0x000001943ab3e390] Heap_lock - owner thread: 0x000001945a86fb00

Heap address: 0x0000000081c00000, size: 2020 MB, Compressed Oops mode: 32-bit
CDS archive(s) mapped at: [0x0000000800000000-0x0000000800b50000-0x0000000800b50000), size 11862016, SharedBaseAddress: 0x0000000800000000, ArchiveRelocationMode: 0.
Compressed class space mapped at: 0x0000000800b50000-0x0000000840b50000, size: 1073741824
Narrow klass base: 0x0000000800000000, Narrow klass shift: 3, Narrow klass range: 0x100000000

GC Precious Log:
 CPUs: 8 total, 8 available
 Memory: 8072M
 Large Page Support: Disabled
 NUMA Support: Disabled
 Compressed Oops: Enabled (32-bit)
 Heap Region Size: 1M
 Heap Min Capacity: 8M
 Heap Initial Capacity: 128M
 Heap Max Capacity: 2020M
 Pre-touch: Disabled
 Parallel Workers: 8
 Concurrent Workers: 2
 Concurrent Refinement Workers: 8
 Periodic GC: Disabled

Heap:
 garbage-first heap   total 377856K, used 148026K [0x0000000081c00000, 0x0000000100000000)
  region size 1024K, 1 young (1024K), 1 survivors (1024K)
 Metaspace       used 12616K, capacity 14399K, committed 14464K, reserved 1062912K
  class space    used 1710K, capacity 1916K, committed 1920K, reserved 1048576K

Heap Regions: E=young(eden), S=young(survivor), O=old, HS=humongous(starts), HC=humongous(continues), CS=collection set, F=free, OA=open archive, CA=closed archive, TAMS=top-at-mark-start (previous, next)
|   0|0x0000000081c00000, 0x0000000081d00000, 0x0000000081d00000|100%| O|  |TAMS 0x0000000081d00000, 0x0000000081d00000| Untracked 
|   1|0x0000000081d00000, 0x0000000081e00000, 0x0000000081e00000|100%| O|  |TAMS 0x0000000081e00000, 0x0000000081e00000| Untracked 
|   2|0x0000000081e00000, 0x0000000081e83000, 0x0000000081f00000| 51%| O|  |TAMS 0x0000000081e7f400, 0x0000000081e81600| Untracked 
|   3|0x0000000081f00000, 0x0000000081f00000, 0x0000000082000000|  0%| F|  |TAMS 0x0000000081f00000, 0x0000000081f00000| Untracked 
|   4|0x0000000082000000, 0x0000000082100000, 0x0000000082100000|100%|HS|  |TAMS 0x0000000082100000, 0x0000000082100000| Complete 
|   5|0x0000000082100000, 0x0000000082100000, 0x0000000082200000|  0%| F|  |TAMS 0x0000000082100000, 0x0000000082100000| Untracked 
|   6|0x0000000082200000, 0x0000000082200000, 0x0000000082300000|  0%| F|  |TAMS 0x0000000082200000, 0x0000000082200000| Untracked 
|   7|0x0000000082300000, 0x0000000082300000, 0x0000000082400000|  0%| F|  |TAMS 0x0000000082300000, 0x0000000082300000| Untracked 
|   8|0x0000000082400000, 0x0000000082400000, 0x0000000082500000|  0%| F|  |TAMS 0x0000000082400000, 0x0000000082400000| Untracked 
|   9|0x0000000082500000, 0x0000000082600000, 0x0000000082600000|100%|HS|  |TAMS 0x0000000082600000, 0x0000000082600000| Complete 
|  10|0x0000000082600000, 0x0000000082600000, 0x0000000082700000|  0%| F|  |TAMS 0x0000000082600000, 0x0000000082600000| Untracked 
|  11|0x0000000082700000, 0x0000000082700000, 0x0000000082800000|  0%| F|  |TAMS 0x0000000082700000, 0x0000000082700000| Untracked 
|  12|0x0000000082800000, 0x0000000082800000, 0x0000000082900000|  0%| F|  |TAMS 0x0000000082800000, 0x0000000082800000| Untracked 
|  13|0x0000000082900000, 0x0000000082900000, 0x0000000082a00000|  0%| F|  |TAMS 0x0000000082900000, 0x0000000082900000| Untracked 
|  14|0x0000000082a00000, 0x0000000082b00000, 0x0000000082b00000|100%|HS|  |TAMS 0x0000000082b00000, 0x0000000082b00000| Complete 
|  15|0x0000000082b00000, 0x0000000082b00000, 0x0000000082c00000|  0%| F|  |TAMS 0x0000000082b00000, 0x0000000082b00000| Untracked 
|  16|0x0000000082c00000, 0x0000000082c00000, 0x0000000082d00000|  0%| F|  |TAMS 0x0000000082c00000, 0x0000000082c00000| Untracked 
|  17|0x0000000082d00000, 0x0000000082d00000, 0x0000000082e00000|  0%| F|  |TAMS 0x0000000082d00000, 0x0000000082d00000| Untracked 
|  18|0x0000000082e00000, 0x0000000082e00000, 0x0000000082f00000|  0%| F|  |TAMS 0x0000000082e00000, 0x0000000082e00000| Untracked 
|  19|0x0000000082f00000, 0x0000000083000000, 0x0000000083000000|100%|HS|  |TAMS 0x0000000083000000, 0x0000000083000000| Complete 
|  20|0x0000000083000000, 0x0000000083100000, 0x0000000083100000|100%|HS|  |TAMS 0x0000000083100000, 0x0000000083100000| Complete 
|  21|0x0000000083100000, 0x0000000083200000, 0x0000000083200000|100%|HS|  |TAMS 0x0000000083200000, 0x0000000083200000| Complete 
|  22|0x0000000083200000, 0x0000000083300000, 0x0000000083300000|100%|HC|  |TAMS 0x0000000083300000, 0x0000000083300000| Complete 
|  23|0x0000000083300000, 0x0000000083400000, 0x0000000083400000|100%|HS|  |TAMS 0x0000000083400000, 0x0000000083400000| Complete 
|  24|0x0000000083400000, 0x0000000083500000, 0x0000000083500000|100%|HC|  |TAMS 0x0000000083500000, 0x0000000083500000| Complete 
|  25|0x0000000083500000, 0x0000000083600000, 0x0000000083600000|100%|HC|  |TAMS 0x0000000083600000, 0x0000000083600000| Complete 
|  26|0x0000000083600000, 0x0000000083700000, 0x0000000083700000|100%|HC|  |TAMS 0x0000000083700000, 0x0000000083700000| Complete 
|  27|0x0000000083700000, 0x0000000083800000, 0x0000000083800000|100%|HC|  |TAMS 0x0000000083800000, 0x0000000083800000| Complete 
|  28|0x0000000083800000, 0x0000000083900000, 0x0000000083900000|100%|HC|  |TAMS 0x0000000083900000, 0x0000000083900000| Complete 
|  29|0x0000000083900000, 0x0000000083a00000, 0x0000000083a00000|100%|HC|  |TAMS 0x0000000083a00000, 0x0000000083a00000| Complete 
|  30|0x0000000083a00000, 0x0000000083b00000, 0x0000000083b00000|100%|HS|  |TAMS 0x0000000083b00000, 0x0000000083b00000| Complete 
|  31|0x0000000083b00000, 0x0000000083c00000, 0x0000000083c00000|100%|HC|  |TAMS 0x0000000083c00000, 0x0000000083c00000| Complete 
|  32|0x0000000083c00000, 0x0000000083d00000, 0x0000000083d00000|100%|HC|  |TAMS 0x0000000083d00000, 0x0000000083d00000| Complete 
|  33|0x0000000083d00000, 0x0000000083e00000, 0x0000000083e00000|100%|HC|  |TAMS 0x0000000083e00000, 0x0000000083e00000| Complete 
|  34|0x0000000083e00000, 0x0000000083f00000, 0x0000000083f00000|100%|HC|  |TAMS 0x0000000083f00000, 0x0000000083f00000| Complete 
|  35|0x0000000083f00000, 0x0000000084000000, 0x0000000084000000|100%|HS|  |TAMS 0x0000000084000000, 0x0000000084000000| Complete 
|  36|0x0000000084000000, 0x0000000084100000, 0x0000000084100000|100%|HC|  |TAMS 0x0000000084100000, 0x0000000084100000| Complete 
|  37|0x0000000084100000, 0x0000000084200000, 0x0000000084200000|100%|HS|  |TAMS 0x0000000084200000, 0x0000000084200000| Complete 
|  38|0x0000000084200000, 0x0000000084300000, 0x0000000084300000|100%|HC|  |TAMS 0x0000000084300000, 0x0000000084300000| Complete 
|  39|0x0000000084300000, 0x0000000084400000, 0x0000000084400000|100%|HS|  |TAMS 0x0000000084400000, 0x0000000084400000| Complete 
|  40|0x0000000084400000, 0x0000000084500000, 0x0000000084500000|100%|HC|  |TAMS 0x0000000084500000, 0x0000000084500000| Complete 
|  41|0x0000000084500000, 0x0000000084600000, 0x0000000084600000|100%|HC|  |TAMS 0x0000000084600000, 0x0000000084600000| Complete 
|  42|0x0000000084600000, 0x0000000084700000, 0x0000000084700000|100%|HC|  |TAMS 0x0000000084700000, 0x0000000084700000| Complete 
|  43|0x0000000084700000, 0x0000000084800000, 0x0000000084800000|100%|HC|  |TAMS 0x0000000084800000, 0x0000000084800000| Complete 
|  44|0x0000000084800000, 0x0000000084900000, 0x0000000084900000|100%|HS|  |TAMS 0x0000000084900000, 0x0000000084900000| Complete 
|  45|0x0000000084900000, 0x0000000084a00000, 0x0000000084a00000|100%|HC|  |TAMS 0x0000000084a00000, 0x0000000084a00000| Complete 
|  46|0x0000000084a00000, 0x0000000084b00000, 0x0000000084b00000|100%|HC|  |TAMS 0x0000000084b00000, 0x0000000084b00000| Complete 
|  47|0x0000000084b00000, 0x0000000084c00000, 0x0000000084c00000|100%|HC|  |TAMS 0x0000000084c00000, 0x0000000084c00000| Complete 
|  48|0x0000000084c00000, 0x0000000084d00000, 0x0000000084d00000|100%|HC|  |TAMS 0x0000000084d00000, 0x0000000084d00000| Complete 
|  49|0x0000000084d00000, 0x0000000084e00000, 0x0000000084e00000|100%|HS|  |TAMS 0x0000000084e00000, 0x0000000084e00000| Complete 
|  50|0x0000000084e00000, 0x0000000084f00000, 0x0000000084f00000|100%|HC|  |TAMS 0x0000000084f00000, 0x0000000084f00000| Complete 
|  51|0x0000000084f00000, 0x0000000085000000, 0x0000000085000000|100%|HC|  |TAMS 0x0000000085000000, 0x0000000085000000| Complete 
|  52|0x0000000085000000, 0x0000000085100000, 0x0000000085100000|100%|HC|  |TAMS 0x0000000085100000, 0x0000000085100000| Complete 
|  53|0x0000000085100000, 0x0000000085200000, 0x0000000085200000|100%|HC|  |TAMS 0x0000000085200000, 0x0000000085200000| Complete 
|  54|0x0000000085200000, 0x0000000085300000, 0x0000000085300000|100%| O|  |TAMS 0x0000000085300000, 0x0000000085300000| Untracked 
|  55|0x0000000085300000, 0x0000000085400000, 0x0000000085400000|100%| O|  |TAMS 0x0000000085400000, 0x0000000085400000| Untracked 
|  56|0x0000000085400000, 0x0000000085500000, 0x0000000085500000|100%| O|  |TAMS 0x0000000085500000, 0x0000000085500000| Untracked 
|  57|0x0000000085500000, 0x0000000085600000, 0x0000000085600000|100%| O|  |TAMS 0x0000000085600000, 0x0000000085600000| Untracked 
|  58|0x0000000085600000, 0x0000000085700000, 0x0000000085700000|100%|HS|  |TAMS 0x0000000085700000, 0x0000000085700000| Complete 
|  59|0x0000000085700000, 0x0000000085800000, 0x0000000085800000|100%|HC|  |TAMS 0x0000000085800000, 0x0000000085800000| Complete 
|  60|0x0000000085800000, 0x0000000085900000, 0x0000000085900000|100%|HC|  |TAMS 0x0000000085900000, 0x0000000085900000| Complete 
|  61|0x0000000085900000, 0x0000000085a00000, 0x0000000085a00000|100%|HC|  |TAMS 0x0000000085a00000, 0x0000000085a00000| Complete 
|  62|0x0000000085a00000, 0x0000000085b00000, 0x0000000085b00000|100%|HC|  |TAMS 0x0000000085b00000, 0x0000000085b00000| Complete 
|  63|0x0000000085b00000, 0x0000000085c00000, 0x0000000085c00000|100%|HS|  |TAMS 0x0000000085c00000, 0x0000000085c00000| Complete 
|  64|0x0000000085c00000, 0x0000000085d00000, 0x0000000085d00000|100%|HC|  |TAMS 0x0000000085d00000, 0x0000000085d00000| Complete 
|  65|0x0000000085d00000, 0x0000000085e00000, 0x0000000085e00000|100%|HC|  |TAMS 0x0000000085e00000, 0x0000000085e00000| Complete 
|  66|0x0000000085e00000, 0x0000000085f00000, 0x0000000085f00000|100%|HC|  |TAMS 0x0000000085f00000, 0x0000000085f00000| Complete 
|  67|0x0000000085f00000, 0x0000000086000000, 0x0000000086000000|100%|HC|  |TAMS 0x0000000086000000, 0x0000000086000000| Complete 
|  68|0x0000000086000000, 0x0000000086100000, 0x0000000086100000|100%|HS|  |TAMS 0x0000000086100000, 0x0000000086100000| Complete 
|  69|0x0000000086100000, 0x0000000086200000, 0x0000000086200000|100%|HC|  |TAMS 0x0000000086200000, 0x0000000086200000| Complete 
|  70|0x0000000086200000, 0x0000000086300000, 0x0000000086300000|100%|HC|  |TAMS 0x0000000086300000, 0x0000000086300000| Complete 
|  71|0x0000000086300000, 0x0000000086400000, 0x0000000086400000|100%|HC|  |TAMS 0x0000000086400000, 0x0000000086400000| Complete 
|  72|0x0000000086400000, 0x0000000086500000, 0x0000000086500000|100%|HC|  |TAMS 0x0000000086500000, 0x0000000086500000| Complete 
|  73|0x0000000086500000, 0x0000000086600000, 0x0000000086600000|100%|HS|  |TAMS 0x0000000086600000, 0x0000000086600000| Complete 
|  74|0x0000000086600000, 0x0000000086700000, 0x0000000086700000|100%|HC|  |TAMS 0x0000000086700000, 0x0000000086700000| Complete 
|  75|0x0000000086700000, 0x0000000086800000, 0x0000000086800000|100%|HC|  |TAMS 0x0000000086800000, 0x0000000086800000| Complete 
|  76|0x0000000086800000, 0x0000000086900000, 0x0000000086900000|100%|HC|  |TAMS 0x0000000086900000, 0x0000000086900000| Complete 
|  77|0x0000000086900000, 0x0000000086a00000, 0x0000000086a00000|100%|HC|  |TAMS 0x0000000086a00000, 0x0000000086a00000| Complete 
|  78|0x0000000086a00000, 0x0000000086b00000, 0x0000000086b00000|100%|HS|  |TAMS 0x0000000086b00000, 0x0000000086b00000| Complete 
|  79|0x0000000086b00000, 0x0000000086c00000, 0x0000000086c00000|100%|HC|  |TAMS 0x0000000086c00000, 0x0000000086c00000| Complete 
|  80|0x0000000086c00000, 0x0000000086d00000, 0x0000000086d00000|100%|HC|  |TAMS 0x0000000086d00000, 0x0000000086d00000| Complete 
|  81|0x0000000086d00000, 0x0000000086e00000, 0x0000000086e00000|100%|HC|  |TAMS 0x0000000086e00000, 0x0000000086e00000| Complete 
|  82|0x0000000086e00000, 0x0000000086f00000, 0x0000000086f00000|100%|HC|  |TAMS 0x0000000086f00000, 0x0000000086f00000| Complete 
|  83|0x0000000086f00000, 0x0000000087000000, 0x0000000087000000|100%|HS|  |TAMS 0x0000000087000000, 0x0000000087000000| Complete 
|  84|0x0000000087000000, 0x0000000087100000, 0x0000000087100000|100%|HC|  |TAMS 0x0000000087100000, 0x0000000087100000| Complete 
|  85|0x0000000087100000, 0x0000000087200000, 0x0000000087200000|100%|HC|  |TAMS 0x0000000087200000, 0x0000000087200000| Complete 
|  86|0x0000000087200000, 0x0000000087300000, 0x0000000087300000|100%|HC|  |TAMS 0x0000000087300000, 0x0000000087300000| Complete 
|  87|0x0000000087300000, 0x0000000087400000, 0x0000000087400000|100%|HC|  |TAMS 0x0000000087400000, 0x0000000087400000| Complete 
|  88|0x0000000087400000, 0x0000000087500000, 0x0000000087500000|100%|HS|  |TAMS 0x0000000087500000, 0x0000000087500000| Complete 
|  89|0x0000000087500000, 0x0000000087600000, 0x0000000087600000|100%|HC|  |TAMS 0x0000000087600000, 0x0000000087600000| Complete 
|  90|0x0000000087600000, 0x0000000087700000, 0x0000000087700000|100%|HC|  |TAMS 0x0000000087700000, 0x0000000087700000| Complete 
|  91|0x0000000087700000, 0x0000000087800000, 0x0000000087800000|100%|HC|  |TAMS 0x0000000087800000, 0x0000000087800000| Complete 
|  92|0x0000000087800000, 0x0000000087900000, 0x0000000087900000|100%|HC|  |TAMS 0x0000000087900000, 0x0000000087900000| Complete 
|  93|0x0000000087900000, 0x0000000087a00000, 0x0000000087a00000|100%|HS|  |TAMS 0x0000000087a00000, 0x0000000087a00000| Complete 
|  94|0x0000000087a00000, 0x0000000087b00000, 0x0000000087b00000|100%|HC|  |TAMS 0x0000000087b00000, 0x0000000087b00000| Complete 
|  95|0x0000000087b00000, 0x0000000087c00000, 0x0000000087c00000|100%|HC|  |TAMS 0x0000000087c00000, 0x0000000087c00000| Complete 
|  96|0x0000000087c00000, 0x0000000087d00000, 0x0000000087d00000|100%|HC|  |TAMS 0x0000000087d00000, 0x0000000087d00000| Complete 
|  97|0x0000000087d00000, 0x0000000087e00000, 0x0000000087e00000|100%|HC|  |TAMS 0x0000000087e00000, 0x0000000087e00000| Complete 
|  98|0x0000000087e00000, 0x0000000087f00000, 0x0000000087f00000|100%|HS|  |TAMS 0x0000000087f00000, 0x0000000087f00000| Complete 
|  99|0x0000000087f00000, 0x0000000088000000, 0x0000000088000000|100%|HC|  |TAMS 0x0000000088000000, 0x0000000088000000| Complete 
| 100|0x0000000088000000, 0x0000000088100000, 0x0000000088100000|100%|HC|  |TAMS 0x0000000088100000, 0x0000000088100000| Complete 
| 101|0x0000000088100000, 0x0000000088200000, 0x0000000088200000|100%|HC|  |TAMS 0x0000000088200000, 0x0000000088200000| Complete 
| 102|0x0000000088200000, 0x0000000088300000, 0x0000000088300000|100%|HC|  |TAMS 0x0000000088300000, 0x0000000088300000| Complete 
| 103|0x0000000088300000, 0x0000000088400000, 0x0000000088400000|100%|HS|  |TAMS 0x0000000088400000, 0x0000000088400000| Complete 
| 104|0x0000000088400000, 0x0000000088500000, 0x0000000088500000|100%|HC|  |TAMS 0x0000000088500000, 0x0000000088500000| Complete 
| 105|0x0000000088500000, 0x0000000088600000, 0x0000000088600000|100%|HC|  |TAMS 0x0000000088600000, 0x0000000088600000| Complete 
| 106|0x0000000088600000, 0x0000000088700000, 0x0000000088700000|100%|HC|  |TAMS 0x0000000088700000, 0x0000000088700000| Complete 
| 107|0x0000000088700000, 0x0000000088800000, 0x0000000088800000|100%|HC|  |TAMS 0x0000000088800000, 0x0000000088800000| Complete 
| 108|0x0000000088800000, 0x0000000088900000, 0x0000000088900000|100%|HS|  |TAMS 0x0000000088900000, 0x0000000088900000| Complete 
| 109|0x0000000088900000, 0x0000000088a00000, 0x0000000088a00000|100%|HC|  |TAMS 0x0000000088a00000, 0x0000000088a00000| Complete 
| 110|0x0000000088a00000, 0x0000000088b00000, 0x0000000088b00000|100%|HC|  |TAMS 0x0000000088b00000, 0x0000000088b00000| Complete 
| 111|0x0000000088b00000, 0x0000000088c00000, 0x0000000088c00000|100%|HC|  |TAMS 0x0000000088c00000, 0x0000000088c00000| Complete 
| 112|0x0000000088c00000, 0x0000000088d00000, 0x0000000088d00000|100%|HC|  |TAMS 0x0000000088d00000, 0x0000000088d00000| Complete 
| 113|0x0000000088d00000, 0x0000000088e00000, 0x0000000088e00000|100%|HS|  |TAMS 0x0000000088e00000, 0x0000000088e00000| Complete 
| 114|0x0000000088e00000, 0x0000000088f00000, 0x0000000088f00000|100%|HC|  |TAMS 0x0000000088f00000, 0x0000000088f00000| Complete 
| 115|0x0000000088f00000, 0x0000000089000000, 0x0000000089000000|100%|HC|  |TAMS 0x0000000089000000, 0x0000000089000000| Complete 
| 116|0x0000000089000000, 0x0000000089100000, 0x0000000089100000|100%|HC|  |TAMS 0x0000000089100000, 0x0000000089100000| Complete 
| 117|0x0000000089100000, 0x0000000089200000, 0x0000000089200000|100%|HC|  |TAMS 0x0000000089200000, 0x0000000089200000| Complete 
| 118|0x0000000089200000, 0x0000000089300000, 0x0000000089300000|100%|HS|  |TAMS 0x0000000089300000, 0x0000000089300000| Complete 
| 119|0x0000000089300000, 0x0000000089400000, 0x0000000089400000|100%|HC|  |TAMS 0x0000000089400000, 0x0000000089400000| Complete 
| 120|0x0000000089400000, 0x0000000089500000, 0x0000000089500000|100%|HC|  |TAMS 0x0000000089500000, 0x0000000089500000| Complete 
| 121|0x0000000089500000, 0x0000000089600000, 0x0000000089600000|100%|HC|  |TAMS 0x0000000089600000, 0x0000000089600000| Complete 
| 122|0x0000000089600000, 0x0000000089700000, 0x0000000089700000|100%|HC|  |TAMS 0x0000000089700000, 0x0000000089700000| Complete 
| 123|0x0000000089700000, 0x0000000089800000, 0x0000000089800000|100%|HS|  |TAMS 0x0000000089800000, 0x0000000089800000| Complete 
| 124|0x0000000089800000, 0x0000000089900000, 0x0000000089900000|100%|HC|  |TAMS 0x0000000089900000, 0x0000000089900000| Complete 
| 125|0x0000000089900000, 0x0000000089a00000, 0x0000000089a00000|100%|HC|  |TAMS 0x0000000089a00000, 0x0000000089a00000| Complete 
| 126|0x0000000089a00000, 0x0000000089b00000, 0x0000000089b00000|100%|HC|  |TAMS 0x0000000089b00000, 0x0000000089b00000| Complete 
| 127|0x0000000089b00000, 0x0000000089c00000, 0x0000000089c00000|100%|HC|  |TAMS 0x0000000089c00000, 0x0000000089c00000| Complete 
| 128|0x0000000089c00000, 0x0000000089d00000, 0x0000000089d00000|100%|HS|  |TAMS 0x0000000089d00000, 0x0000000089d00000| Complete 
| 129|0x0000000089d00000, 0x0000000089e00000, 0x0000000089e00000|100%|HC|  |TAMS 0x0000000089e00000, 0x0000000089e00000| Complete 
| 130|0x0000000089e00000, 0x0000000089f00000, 0x0000000089f00000|100%|HC|  |TAMS 0x0000000089f00000, 0x0000000089f00000| Complete 
| 131|0x0000000089f00000, 0x000000008a000000, 0x000000008a000000|100%|HC|  |TAMS 0x000000008a000000, 0x000000008a000000| Complete 
| 132|0x000000008a000000, 0x000000008a100000, 0x000000008a100000|100%|HC|  |TAMS 0x000000008a100000, 0x000000008a100000| Complete 
| 133|0x000000008a100000, 0x000000008a200000, 0x000000008a200000|100%|HS|  |TAMS 0x000000008a200000, 0x000000008a200000| Complete 
| 134|0x000000008a200000, 0x000000008a300000, 0x000000008a300000|100%|HC|  |TAMS 0x000000008a300000, 0x000000008a300000| Complete 
| 135|0x000000008a300000, 0x000000008a400000, 0x000000008a400000|100%|HC|  |TAMS 0x000000008a400000, 0x000000008a400000| Complete 
| 136|0x000000008a400000, 0x000000008a500000, 0x000000008a500000|100%|HC|  |TAMS 0x000000008a500000, 0x000000008a500000| Complete 
| 137|0x000000008a500000, 0x000000008a600000, 0x000000008a600000|100%|HC|  |TAMS 0x000000008a600000, 0x000000008a600000| Complete 
| 138|0x000000008a600000, 0x000000008a700000, 0x000000008a700000|100%|HS|  |TAMS 0x000000008a700000, 0x000000008a700000| Complete 
| 139|0x000000008a700000, 0x000000008a800000, 0x000000008a800000|100%|HC|  |TAMS 0x000000008a800000, 0x000000008a800000| Complete 
| 140|0x000000008a800000, 0x000000008a900000, 0x000000008a900000|100%|HC|  |TAMS 0x000000008a900000, 0x000000008a900000| Complete 
| 141|0x000000008a900000, 0x000000008aa00000, 0x000000008aa00000|100%|HC|  |TAMS 0x000000008aa00000, 0x000000008aa00000| Complete 
| 142|0x000000008aa00000, 0x000000008ab00000, 0x000000008ab00000|100%|HC|  |TAMS 0x000000008ab00000, 0x000000008ab00000| Complete 
| 143|0x000000008ab00000, 0x000000008ac00000, 0x000000008ac00000|100%|HS|  |TAMS 0x000000008ac00000, 0x000000008ac00000| Complete 
| 144|0x000000008ac00000, 0x000000008ad00000, 0x000000008ad00000|100%|HC|  |TAMS 0x000000008ad00000, 0x000000008ad00000| Complete 
| 145|0x000000008ad00000, 0x000000008ae00000, 0x000000008ae00000|100%|HC|  |TAMS 0x000000008ae00000, 0x000000008ae00000| Complete 
| 146|0x000000008ae00000, 0x000000008af00000, 0x000000008af00000|100%|HC|  |TAMS 0x000000008af00000, 0x000000008af00000| Complete 
| 147|0x000000008af00000, 0x000000008b000000, 0x000000008b000000|100%|HC|  |TAMS 0x000000008b000000, 0x000000008b000000| Complete 
| 148|0x000000008b000000, 0x000000008b100000, 0x000000008b100000|100%|HS|  |TAMS 0x000000008b100000, 0x000000008b100000| Complete 
| 149|0x000000008b100000, 0x000000008b200000, 0x000000008b200000|100%|HC|  |TAMS 0x000000008b200000, 0x000000008b200000| Complete 
| 150|0x000000008b200000, 0x000000008b300000, 0x000000008b300000|100%|HC|  |TAMS 0x000000008b300000, 0x000000008b300000| Complete 
| 151|0x000000008b300000, 0x000000008b400000, 0x000000008b400000|100%|HC|  |TAMS 0x000000008b400000, 0x000000008b400000| Complete 
| 152|0x000000008b400000, 0x000000008b500000, 0x000000008b500000|100%|HC|  |TAMS 0x000000008b500000, 0x000000008b500000| Complete 
| 153|0x000000008b500000, 0x000000008b600000, 0x000000008b600000|100%|HS|  |TAMS 0x000000008b500000, 0x000000008b600000| Complete 
| 154|0x000000008b600000, 0x000000008b700000, 0x000000008b700000|100%|HC|  |TAMS 0x000000008b600000, 0x000000008b700000| Complete 
| 155|0x000000008b700000, 0x000000008b800000, 0x000000008b800000|100%|HC|  |TAMS 0x000000008b700000, 0x000000008b800000| Complete 
| 156|0x000000008b800000, 0x000000008b900000, 0x000000008b900000|100%|HC|  |TAMS 0x000000008b800000, 0x000000008b900000| Complete 
| 157|0x000000008b900000, 0x000000008ba00000, 0x000000008ba00000|100%|HC|  |TAMS 0x000000008b900000, 0x000000008ba00000| Complete 
| 158|0x000000008ba00000, 0x000000008ba00000, 0x000000008bb00000|  0%| F|  |TAMS 0x000000008ba00000, 0x000000008ba00000| Untracked 
| 159|0x000000008bb00000, 0x000000008bb00000, 0x000000008bc00000|  0%| F|  |TAMS 0x000000008bb00000, 0x000000008bb00000| Untracked 
| 160|0x000000008bc00000, 0x000000008bc00000, 0x000000008bd00000|  0%| F|  |TAMS 0x000000008bc00000, 0x000000008bc00000| Untracked 
| 161|0x000000008bd00000, 0x000000008bd00000, 0x000000008be00000|  0%| F|  |TAMS 0x000000008bd00000, 0x000000008bd00000| Untracked 
| 162|0x000000008be00000, 0x000000008be00000, 0x000000008bf00000|  0%| F|  |TAMS 0x000000008be00000, 0x000000008be00000| Untracked 
| 163|0x000000008bf00000, 0x000000008bf00000, 0x000000008c000000|  0%| F|  |TAMS 0x000000008bf00000, 0x000000008bf00000| Untracked 
| 164|0x000000008c000000, 0x000000008c000000, 0x000000008c100000|  0%| F|  |TAMS 0x000000008c000000, 0x000000008c000000| Untracked 
| 165|0x000000008c100000, 0x000000008c100000, 0x000000008c200000|  0%| F|  |TAMS 0x000000008c100000, 0x000000008c100000| Untracked 
| 166|0x000000008c200000, 0x000000008c200000, 0x000000008c300000|  0%| F|  |TAMS 0x000000008c200000, 0x000000008c200000| Untracked 
| 167|0x000000008c300000, 0x000000008c300000, 0x000000008c400000|  0%| F|  |TAMS 0x000000008c300000, 0x000000008c300000| Untracked 
| 168|0x000000008c400000, 0x000000008c400000, 0x000000008c500000|  0%| F|  |TAMS 0x000000008c400000, 0x000000008c400000| Untracked 
| 169|0x000000008c500000, 0x000000008c500000, 0x000000008c600000|  0%| F|  |TAMS 0x000000008c500000, 0x000000008c500000| Untracked 
| 170|0x000000008c600000, 0x000000008c600000, 0x000000008c700000|  0%| F|  |TAMS 0x000000008c600000, 0x000000008c600000| Untracked 
| 171|0x000000008c700000, 0x000000008c700000, 0x000000008c800000|  0%| F|  |TAMS 0x000000008c700000, 0x000000008c700000| Untracked 
| 172|0x000000008c800000, 0x000000008c800000, 0x000000008c900000|  0%| F|  |TAMS 0x000000008c800000, 0x000000008c800000| Untracked 
| 173|0x000000008c900000, 0x000000008c900000, 0x000000008ca00000|  0%| F|  |TAMS 0x000000008c900000, 0x000000008c900000| Untracked 
| 174|0x000000008ca00000, 0x000000008ca00000, 0x000000008cb00000|  0%| F|  |TAMS 0x000000008ca00000, 0x000000008ca00000| Untracked 
| 175|0x000000008cb00000, 0x000000008cb00000, 0x000000008cc00000|  0%| F|  |TAMS 0x000000008cb00000, 0x000000008cb00000| Untracked 
| 176|0x000000008cc00000, 0x000000008cc00000, 0x000000008cd00000|  0%| F|  |TAMS 0x000000008cc00000, 0x000000008cc00000| Untracked 
| 177|0x000000008cd00000, 0x000000008cd00000, 0x000000008ce00000|  0%| F|  |TAMS 0x000000008cd00000, 0x000000008cd00000| Untracked 
| 178|0x000000008ce00000, 0x000000008ce00000, 0x000000008cf00000|  0%| F|  |TAMS 0x000000008ce00000, 0x000000008ce00000| Untracked 
| 179|0x000000008cf00000, 0x000000008cf00000, 0x000000008d000000|  0%| F|  |TAMS 0x000000008cf00000, 0x000000008cf00000| Untracked 
| 180|0x000000008d000000, 0x000000008d000000, 0x000000008d100000|  0%| F|  |TAMS 0x000000008d000000, 0x000000008d000000| Untracked 
| 181|0x000000008d100000, 0x000000008d100000, 0x000000008d200000|  0%| F|  |TAMS 0x000000008d100000, 0x000000008d100000| Untracked 
| 182|0x000000008d200000, 0x000000008d200000, 0x000000008d300000|  0%| F|  |TAMS 0x000000008d200000, 0x000000008d200000| Untracked 
| 183|0x000000008d300000, 0x000000008d300000, 0x000000008d400000|  0%| F|  |TAMS 0x000000008d300000, 0x000000008d300000| Untracked 
| 184|0x000000008d400000, 0x000000008d400000, 0x000000008d500000|  0%| F|  |TAMS 0x000000008d400000, 0x000000008d400000| Untracked 
| 185|0x000000008d500000, 0x000000008d500000, 0x000000008d600000|  0%| F|  |TAMS 0x000000008d500000, 0x000000008d500000| Untracked 
| 186|0x000000008d600000, 0x000000008d600000, 0x000000008d700000|  0%| F|  |TAMS 0x000000008d600000, 0x000000008d600000| Untracked 
| 187|0x000000008d700000, 0x000000008d700000, 0x000000008d800000|  0%| F|  |TAMS 0x000000008d700000, 0x000000008d700000| Untracked 
| 188|0x000000008d800000, 0x000000008d800000, 0x000000008d900000|  0%| F|  |TAMS 0x000000008d800000, 0x000000008d800000| Untracked 
| 189|0x000000008d900000, 0x000000008d900000, 0x000000008da00000|  0%| F|  |TAMS 0x000000008d900000, 0x000000008d900000| Untracked 
| 190|0x000000008da00000, 0x000000008da00000, 0x000000008db00000|  0%| F|  |TAMS 0x000000008da00000, 0x000000008da00000| Untracked 
| 191|0x000000008db00000, 0x000000008db00000, 0x000000008dc00000|  0%| F|  |TAMS 0x000000008db00000, 0x000000008db00000| Untracked 
| 192|0x000000008dc00000, 0x000000008dc00000, 0x000000008dd00000|  0%| F|  |TAMS 0x000000008dc00000, 0x000000008dc00000| Untracked 
| 193|0x000000008dd00000, 0x000000008dd00000, 0x000000008de00000|  0%| F|  |TAMS 0x000000008dd00000, 0x000000008dd00000| Untracked 
| 194|0x000000008de00000, 0x000000008de00000, 0x000000008df00000|  0%| F|  |TAMS 0x000000008de00000, 0x000000008de00000| Untracked 
| 195|0x000000008df00000, 0x000000008df00000, 0x000000008e000000|  0%| F|  |TAMS 0x000000008df00000, 0x000000008df00000| Untracked 
| 196|0x000000008e000000, 0x000000008e000000, 0x000000008e100000|  0%| F|  |TAMS 0x000000008e000000, 0x000000008e000000| Untracked 
| 197|0x000000008e100000, 0x000000008e100000, 0x000000008e200000|  0%| F|  |TAMS 0x000000008e100000, 0x000000008e100000| Untracked 
| 198|0x000000008e200000, 0x000000008e200000, 0x000000008e300000|  0%| F|  |TAMS 0x000000008e200000, 0x000000008e200000| Untracked 
| 199|0x000000008e300000, 0x000000008e300000, 0x000000008e400000|  0%| F|  |TAMS 0x000000008e300000, 0x000000008e300000| Untracked 
| 200|0x000000008e400000, 0x000000008e400000, 0x000000008e500000|  0%| F|  |TAMS 0x000000008e400000, 0x000000008e400000| Untracked 
| 201|0x000000008e500000, 0x000000008e500000, 0x000000008e600000|  0%| F|  |TAMS 0x000000008e500000, 0x000000008e500000| Untracked 
| 202|0x000000008e600000, 0x000000008e600000, 0x000000008e700000|  0%| F|  |TAMS 0x000000008e600000, 0x000000008e600000| Untracked 
| 203|0x000000008e700000, 0x000000008e700000, 0x000000008e800000|  0%| F|  |TAMS 0x000000008e700000, 0x000000008e700000| Untracked 
| 204|0x000000008e800000, 0x000000008e800000, 0x000000008e900000|  0%| F|  |TAMS 0x000000008e800000, 0x000000008e800000| Untracked 
| 205|0x000000008e900000, 0x000000008e900000, 0x000000008ea00000|  0%| F|  |TAMS 0x000000008e900000, 0x000000008e900000| Untracked 
| 206|0x000000008ea00000, 0x000000008ea00000, 0x000000008eb00000|  0%| F|  |TAMS 0x000000008ea00000, 0x000000008ea00000| Untracked 
| 207|0x000000008eb00000, 0x000000008eb00000, 0x000000008ec00000|  0%| F|  |TAMS 0x000000008eb00000, 0x000000008eb00000| Untracked 
| 208|0x000000008ec00000, 0x000000008ec00000, 0x000000008ed00000|  0%| F|  |TAMS 0x000000008ec00000, 0x000000008ec00000| Untracked 
| 209|0x000000008ed00000, 0x000000008ed00000, 0x000000008ee00000|  0%| F|  |TAMS 0x000000008ed00000, 0x000000008ed00000| Untracked 
| 210|0x000000008ee00000, 0x000000008ee00000, 0x000000008ef00000|  0%| F|  |TAMS 0x000000008ee00000, 0x000000008ee00000| Untracked 
| 211|0x000000008ef00000, 0x000000008ef00000, 0x000000008f000000|  0%| F|  |TAMS 0x000000008ef00000, 0x000000008ef00000| Untracked 
| 212|0x000000008f000000, 0x000000008f000000, 0x000000008f100000|  0%| F|  |TAMS 0x000000008f000000, 0x000000008f000000| Untracked 
| 213|0x000000008f100000, 0x000000008f100000, 0x000000008f200000|  0%| F|  |TAMS 0x000000008f100000, 0x000000008f100000| Untracked 
| 214|0x000000008f200000, 0x000000008f200000, 0x000000008f300000|  0%| F|  |TAMS 0x000000008f200000, 0x000000008f200000| Untracked 
| 215|0x000000008f300000, 0x000000008f300000, 0x000000008f400000|  0%| F|  |TAMS 0x000000008f300000, 0x000000008f300000| Untracked 
| 216|0x000000008f400000, 0x000000008f400000, 0x000000008f500000|  0%| F|  |TAMS 0x000000008f400000, 0x000000008f400000| Untracked 
| 217|0x000000008f500000, 0x000000008f500000, 0x000000008f600000|  0%| F|  |TAMS 0x000000008f500000, 0x000000008f500000| Untracked 
| 218|0x000000008f600000, 0x000000008f600000, 0x000000008f700000|  0%| F|  |TAMS 0x000000008f600000, 0x000000008f600000| Untracked 
| 219|0x000000008f700000, 0x000000008f700000, 0x000000008f800000|  0%| F|  |TAMS 0x000000008f700000, 0x000000008f700000| Untracked 
| 220|0x000000008f800000, 0x000000008f800000, 0x000000008f900000|  0%| F|  |TAMS 0x000000008f800000, 0x000000008f800000| Untracked 
| 221|0x000000008f900000, 0x000000008f900000, 0x000000008fa00000|  0%| F|  |TAMS 0x000000008f900000, 0x000000008f900000| Untracked 
| 222|0x000000008fa00000, 0x000000008fa00000, 0x000000008fb00000|  0%| F|  |TAMS 0x000000008fa00000, 0x000000008fa00000| Untracked 
| 223|0x000000008fb00000, 0x000000008fb00000, 0x000000008fc00000|  0%| F|  |TAMS 0x000000008fb00000, 0x000000008fb00000| Untracked 
| 224|0x000000008fc00000, 0x000000008fc00000, 0x000000008fd00000|  0%| F|  |TAMS 0x000000008fc00000, 0x000000008fc00000| Untracked 
| 225|0x000000008fd00000, 0x000000008fd00000, 0x000000008fe00000|  0%| F|  |TAMS 0x000000008fd00000, 0x000000008fd00000| Untracked 
| 226|0x000000008fe00000, 0x000000008fe00000, 0x000000008ff00000|  0%| F|  |TAMS 0x000000008fe00000, 0x000000008fe00000| Untracked 
| 227|0x000000008ff00000, 0x000000008ff00000, 0x0000000090000000|  0%| F|  |TAMS 0x000000008ff00000, 0x000000008ff00000| Untracked 
| 228|0x0000000090000000, 0x0000000090000000, 0x0000000090100000|  0%| F|  |TAMS 0x0000000090000000, 0x0000000090000000| Untracked 
| 229|0x0000000090100000, 0x0000000090100000, 0x0000000090200000|  0%| F|  |TAMS 0x0000000090100000, 0x0000000090100000| Untracked 
| 230|0x0000000090200000, 0x0000000090200000, 0x0000000090300000|  0%| F|  |TAMS 0x0000000090200000, 0x0000000090200000| Untracked 
| 231|0x0000000090300000, 0x0000000090300000, 0x0000000090400000|  0%| F|  |TAMS 0x0000000090300000, 0x0000000090300000| Untracked 
| 232|0x0000000090400000, 0x0000000090400000, 0x0000000090500000|  0%| F|  |TAMS 0x0000000090400000, 0x0000000090400000| Untracked 
| 233|0x0000000090500000, 0x0000000090500000, 0x0000000090600000|  0%| F|  |TAMS 0x0000000090500000, 0x0000000090500000| Untracked 
| 234|0x0000000090600000, 0x0000000090600000, 0x0000000090700000|  0%| F|  |TAMS 0x0000000090600000, 0x0000000090600000| Untracked 
| 235|0x0000000090700000, 0x0000000090700000, 0x0000000090800000|  0%| F|  |TAMS 0x0000000090700000, 0x0000000090700000| Untracked 
| 236|0x0000000090800000, 0x0000000090800000, 0x0000000090900000|  0%| F|  |TAMS 0x0000000090800000, 0x0000000090800000| Untracked 
| 237|0x0000000090900000, 0x0000000090900000, 0x0000000090a00000|  0%| F|  |TAMS 0x0000000090900000, 0x0000000090900000| Untracked 
| 238|0x0000000090a00000, 0x0000000090a00000, 0x0000000090b00000|  0%| F|  |TAMS 0x0000000090a00000, 0x0000000090a00000| Untracked 
| 239|0x0000000090b00000, 0x0000000090b00000, 0x0000000090c00000|  0%| F|  |TAMS 0x0000000090b00000, 0x0000000090b00000| Untracked 
| 240|0x0000000090c00000, 0x0000000090c00000, 0x0000000090d00000|  0%| F|  |TAMS 0x0000000090c00000, 0x0000000090c00000| Untracked 
| 241|0x0000000090d00000, 0x0000000090d00000, 0x0000000090e00000|  0%| F|  |TAMS 0x0000000090d00000, 0x0000000090d00000| Untracked 
| 242|0x0000000090e00000, 0x0000000090e00000, 0x0000000090f00000|  0%| F|  |TAMS 0x0000000090e00000, 0x0000000090e00000| Untracked 
| 243|0x0000000090f00000, 0x0000000090f00000, 0x0000000091000000|  0%| F|  |TAMS 0x0000000090f00000, 0x0000000090f00000| Untracked 
| 244|0x0000000091000000, 0x0000000091000000, 0x0000000091100000|  0%| F|  |TAMS 0x0000000091000000, 0x0000000091000000| Untracked 
| 245|0x0000000091100000, 0x0000000091100000, 0x0000000091200000|  0%| F|  |TAMS 0x0000000091100000, 0x0000000091100000| Untracked 
| 246|0x0000000091200000, 0x0000000091200000, 0x0000000091300000|  0%| F|  |TAMS 0x0000000091200000, 0x0000000091200000| Untracked 
| 247|0x0000000091300000, 0x0000000091300000, 0x0000000091400000|  0%| F|  |TAMS 0x0000000091300000, 0x0000000091300000| Untracked 
| 248|0x0000000091400000, 0x0000000091400000, 0x0000000091500000|  0%| F|  |TAMS 0x0000000091400000, 0x0000000091400000| Untracked 
| 249|0x0000000091500000, 0x0000000091500000, 0x0000000091600000|  0%| F|  |TAMS 0x0000000091500000, 0x0000000091500000| Untracked 
| 250|0x0000000091600000, 0x0000000091600000, 0x0000000091700000|  0%| F|  |TAMS 0x0000000091600000, 0x0000000091600000| Untracked 
| 251|0x0000000091700000, 0x0000000091700000, 0x0000000091800000|  0%| F|  |TAMS 0x0000000091700000, 0x0000000091700000| Untracked 
| 252|0x0000000091800000, 0x0000000091800000, 0x0000000091900000|  0%| F|  |TAMS 0x0000000091800000, 0x0000000091800000| Untracked 
| 253|0x0000000091900000, 0x0000000091900000, 0x0000000091a00000|  0%| F|  |TAMS 0x0000000091900000, 0x0000000091900000| Untracked 
| 254|0x0000000091a00000, 0x0000000091a00000, 0x0000000091b00000|  0%| F|  |TAMS 0x0000000091a00000, 0x0000000091a00000| Untracked 
| 255|0x0000000091b00000, 0x0000000091b00000, 0x0000000091c00000|  0%| F|  |TAMS 0x0000000091b00000, 0x0000000091b00000| Untracked 
| 256|0x0000000091c00000, 0x0000000091c00000, 0x0000000091d00000|  0%| F|  |TAMS 0x0000000091c00000, 0x0000000091c00000| Untracked 
| 257|0x0000000091d00000, 0x0000000091d00000, 0x0000000091e00000|  0%| F|  |TAMS 0x0000000091d00000, 0x0000000091d00000| Untracked 
| 258|0x0000000091e00000, 0x0000000091e00000, 0x0000000091f00000|  0%| F|  |TAMS 0x0000000091e00000, 0x0000000091e00000| Untracked 
| 259|0x0000000091f00000, 0x0000000091f00000, 0x0000000092000000|  0%| F|  |TAMS 0x0000000091f00000, 0x0000000091f00000| Untracked 
| 260|0x0000000092000000, 0x0000000092000000, 0x0000000092100000|  0%| F|  |TAMS 0x0000000092000000, 0x0000000092000000| Untracked 
| 261|0x0000000092100000, 0x0000000092100000, 0x0000000092200000|  0%| F|  |TAMS 0x0000000092100000, 0x0000000092100000| Untracked 
| 262|0x0000000092200000, 0x0000000092200000, 0x0000000092300000|  0%| F|  |TAMS 0x0000000092200000, 0x0000000092200000| Untracked 
| 263|0x0000000092300000, 0x0000000092300000, 0x0000000092400000|  0%| F|  |TAMS 0x0000000092300000, 0x0000000092300000| Untracked 
| 264|0x0000000092400000, 0x0000000092400000, 0x0000000092500000|  0%| F|  |TAMS 0x0000000092400000, 0x0000000092400000| Untracked 
| 265|0x0000000092500000, 0x0000000092500000, 0x0000000092600000|  0%| F|  |TAMS 0x0000000092500000, 0x0000000092500000| Untracked 
| 266|0x0000000092600000, 0x0000000092600000, 0x0000000092700000|  0%| F|  |TAMS 0x0000000092600000, 0x0000000092600000| Untracked 
| 267|0x0000000092700000, 0x0000000092700000, 0x0000000092800000|  0%| F|  |TAMS 0x0000000092700000, 0x0000000092700000| Untracked 
| 268|0x0000000092800000, 0x000000009280bb80, 0x0000000092900000|  4%| S|CS|TAMS 0x0000000092800000, 0x0000000092800000| Complete 
| 269|0x0000000092900000, 0x0000000092900000, 0x0000000092a00000|  0%| F|  |TAMS 0x0000000092900000, 0x0000000092900000| Untracked 
| 270|0x0000000092a00000, 0x0000000092a00000, 0x0000000092b00000|  0%| F|  |TAMS 0x0000000092a00000, 0x0000000092a00000| Untracked 

Card table byte_map: [0x00000194524b0000,0x00000194528b0000] _byte_map_base: 0x00000194520a2000

Marking Bits (Prev, Next): (CMBitMap*) 0x000001943ab83e60, (CMBitMap*) 0x000001943ab83ea0
 Prev Bits: [0x0000019452cb0000, 0x0000019454c40000)
 Next Bits: [0x0000019454c40000, 0x0000019456bd0000)

Polling page: 0x000001943a320000

Metaspace:

Usage:
  Non-class:     12.19 MB capacity,    10.65 MB ( 87%) used,     1.52 MB ( 12%) free+waste,    19.31 KB ( <1%) overhead. 
      Class:      1.87 MB capacity,     1.67 MB ( 89%) used,   196.95 KB ( 10%) free+waste,     8.31 KB ( <1%) overhead. 
       Both:     14.06 MB capacity,    12.32 MB ( 88%) used,     1.71 MB ( 12%) free+waste,    27.62 KB ( <1%) overhead. 

Virtual space:
  Non-class space:       14.00 MB reserved,      12.25 MB ( 88%) committed 
      Class space:        1.00 GB reserved,       1.88 MB ( <1%) committed 
             Both:        1.01 GB reserved,      14.12 MB (  1%) committed 

Chunk freelists:
   Non-Class:  61.00 KB
       Class:  4.00 KB
        Both:  65.00 KB

MaxMetaspaceSize: 17179869184.00 GB
CompressedClassSpaceSize: 1.00 GB

CodeHeap 'non-profiled nmethods': size=120000Kb used=841Kb max_used=841Kb free=119158Kb
 bounds [0x000001944a850000, 0x000001944aac0000, 0x0000019451d80000]
CodeHeap 'profiled nmethods': size=120000Kb used=3322Kb max_used=3322Kb free=116677Kb
 bounds [0x0000019443320000, 0x0000019443660000, 0x000001944a850000]
CodeHeap 'non-nmethods': size=5760Kb used=1423Kb max_used=1450Kb free=4337Kb
 bounds [0x0000019442d80000, 0x0000019442ff0000, 0x0000019443320000]
 total_blobs=2829 nmethods=2084 adapters=656
 compilation: enabled
              stopped_count=0, restarted_count=0
 full_count=0

Compilation events (20 events):
Event: 4.228 Thread 0x000001945960f3d0 2076       3       com.sun.javafx.tk.Toolkit::getImageAccessor (4 bytes)
Event: 4.229 Thread 0x000001945960f3d0 nmethod 2076 0x0000019443659710 code [0x00000194436598a0, 0x0000019443659998]
Event: 4.229 Thread 0x000001945960f3d0 2077       3       javafx.collections.ListChangeBuilder$SingleChange::reset (6 bytes)
Event: 4.229 Thread 0x000001945960f3d0 nmethod 2077 0x0000019443659a10 code [0x0000019443659ba0, 0x0000019443659c98]
Event: 4.229 Thread 0x000001945960f3d0 2078       3       javafx.scene.Node::doGeomChanged (45 bytes)
Event: 4.229 Thread 0x000001945960f3d0 nmethod 2078 0x0000019443659d10 code [0x0000019443659fa0, 0x000001944365ac38]
Event: 4.324 Thread 0x000001945960f3d0 2079       3       java.util.regex.Pattern$$Lambda$17/0x0000000800b5a308::is (9 bytes)
Event: 4.325 Thread 0x000001945960f3d0 nmethod 2079 0x000001944365b010 code [0x000001944365b1a0, 0x000001944365b358]
Event: 4.325 Thread 0x000001945960f3d0 2080       3       java.util.regex.Pattern::lambda$Single$8 (11 bytes)
Event: 4.325 Thread 0x000001945960f3d0 nmethod 2080 0x000001944365b410 code [0x000001944365b5a0, 0x000001944365b6d8]
Event: 4.350 Thread 0x000001945960f3d0 2081       3       java.io.WinNTFileSystem::normalize (224 bytes)
Event: 4.352 Thread 0x000001945960f3d0 nmethod 2081 0x000001944365b790 code [0x000001944365bb60, 0x000001944365d698]
Event: 4.375 Thread 0x000001945960f3d0 2082       3       javafx.scene.Node$TreeVisiblePropertyReadOnly::get (13 bytes)
Event: 4.376 Thread 0x000001945960f3d0 nmethod 2082 0x000001944365e110 code [0x000001944365e2a0, 0x000001944365e3b8]
Event: 4.427 Thread 0x000001945960a0d0 2083       4       java.util.Collections$UnmodifiableList::get (11 bytes)
Event: 4.427 Thread 0x000001945960a0d0 nmethod 2083 0x000001944a921e90 code [0x000001944a922000, 0x000001944a922098]
Event: 4.427 Thread 0x000001945960f3d0 2084       1       javafx.scene.Node::setCanReceiveFocus (6 bytes)
Event: 4.427 Thread 0x000001945960f3d0 nmethod 2084 0x000001944a922190 code [0x000001944a922320, 0x000001944a9223d8]
Event: 4.428 Thread 0x000001945960f3d0 2085       3       java.io.File::<init> (47 bytes)
Event: 4.428 Thread 0x000001945960f3d0 nmethod 2085 0x000001944365e490 code [0x000001944365e660, 0x000001944365ea08]

GC Heap History (20 events):
Event: 4.181 GC heap after
{Heap after GC invocations=18 (full 0):
 garbage-first heap   total 165888K, used 96786K [0x0000000081c00000, 0x0000000100000000)
  region size 1024K, 1 young (1024K), 1 survivors (1024K)
 Metaspace       used 12610K, capacity 14399K, committed 14464K, reserved 1062912K
  class space    used 1710K, capacity 1916K, committed 1920K, reserved 1048576K
}
Event: 4.205 GC heap before
{Heap before GC invocations=19 (full 0):
 garbage-first heap   total 174080K, used 101906K [0x0000000081c00000, 0x0000000100000000)
  region size 1024K, 2 young (2048K), 1 survivors (1024K)
 Metaspace       used 12610K, capacity 14399K, committed 14464K, reserved 1062912K
  class space    used 1710K, capacity 1916K, committed 1920K, reserved 1048576K
}
Event: 4.206 GC heap after
{Heap after GC invocations=20 (full 0):
 garbage-first heap   total 174080K, used 101910K [0x0000000081c00000, 0x0000000100000000)
  region size 1024K, 1 young (1024K), 1 survivors (1024K)
 Metaspace       used 12610K, capacity 14399K, committed 14464K, reserved 1062912K
  class space    used 1710K, capacity 1916K, committed 1920K, reserved 1048576K
}
Event: 4.229 GC heap before
{Heap before GC invocations=21 (full 0):
 garbage-first heap   total 183296K, used 107030K [0x0000000081c00000, 0x0000000100000000)
  region size 1024K, 2 young (2048K), 1 survivors (1024K)
 Metaspace       used 12610K, capacity 14399K, committed 14464K, reserved 1062912K
  class space    used 1710K, capacity 1916K, committed 1920K, reserved 1048576K
}
Event: 4.230 GC heap after
{Heap after GC invocations=22 (full 0):
 garbage-first heap   total 183296K, used 107032K [0x0000000081c00000, 0x0000000100000000)
  region size 1024K, 1 young (1024K), 1 survivors (1024K)
 Metaspace       used 12610K, capacity 14399K, committed 14464K, reserved 1062912K
  class space    used 1710K, capacity 1916K, committed 1920K, reserved 1048576K
}
Event: 4.252 GC heap before
{Heap before GC invocations=23 (full 0):
 garbage-first heap   total 191488K, used 112152K [0x0000000081c00000, 0x0000000100000000)
  region size 1024K, 2 young (2048K), 1 survivors (1024K)
 Metaspace       used 12610K, capacity 14399K, committed 14464K, reserved 1062912K
  class space    used 1710K, capacity 1916K, committed 1920K, reserved 1048576K
}
Event: 4.253 GC heap after
{Heap after GC invocations=24 (full 0):
 garbage-first heap   total 191488K, used 112154K [0x0000000081c00000, 0x0000000100000000)
  region size 1024K, 1 young (1024K), 1 survivors (1024K)
 Metaspace       used 12610K, capacity 14399K, committed 14464K, reserved 1062912K
  class space    used 1710K, capacity 1916K, committed 1920K, reserved 1048576K
}
Event: 4.276 GC heap before
{Heap before GC invocations=25 (full 0):
 garbage-first heap   total 199680K, used 117274K [0x0000000081c00000, 0x0000000100000000)
  region size 1024K, 2 young (2048K), 1 survivors (1024K)
 Metaspace       used 12610K, capacity 14399K, committed 14464K, reserved 1062912K
  class space    used 1710K, capacity 1916K, committed 1920K, reserved 1048576K
}
Event: 4.277 GC heap after
{Heap after GC invocations=26 (full 0):
 garbage-first heap   total 199680K, used 117274K [0x0000000081c00000, 0x0000000100000000)
  region size 1024K, 1 young (1024K), 1 survivors (1024K)
 Metaspace       used 12610K, capacity 14399K, committed 14464K, reserved 1062912K
  class space    used 1710K, capacity 1916K, committed 1920K, reserved 1048576K
}
Event: 4.301 GC heap before
{Heap before GC invocations=27 (full 0):
 garbage-first heap   total 208896K, used 122394K [0x0000000081c00000, 0x0000000100000000)
  region size 1024K, 2 young (2048K), 1 survivors (1024K)
 Metaspace       used 12610K, capacity 14399K, committed 14464K, reserved 1062912K
  class space    used 1710K, capacity 1916K, committed 1920K, reserved 1048576K
}
Event: 4.302 GC heap after
{Heap after GC invocations=28 (full 0):
 garbage-first heap   total 208896K, used 122399K [0x0000000081c00000, 0x0000000100000000)
  region size 1024K, 1 young (1024K), 1 survivors (1024K)
 Metaspace       used 12610K, capacity 14399K, committed 14464K, reserved 1062912K
  class space    used 1710K, capacity 1916K, committed 1920K, reserved 1048576K
}
Event: 4.325 GC heap before
{Heap before GC invocations=29 (full 0):
 garbage-first heap   total 217088K, used 127519K [0x0000000081c00000, 0x0000000100000000)
  region size 1024K, 2 young (2048K), 1 survivors (1024K)
 Metaspace       used 12611K, capacity 14399K, committed 14464K, reserved 1062912K
  class space    used 1710K, capacity 1916K, committed 1920K, reserved 1048576K
}
Event: 4.327 GC heap after
{Heap after GC invocations=30 (full 0):
 garbage-first heap   total 277504K, used 127520K [0x0000000081c00000, 0x0000000100000000)
  region size 1024K, 1 young (1024K), 1 survivors (1024K)
 Metaspace       used 12611K, capacity 14399K, committed 14464K, reserved 1062912K
  class space    used 1710K, capacity 1916K, committed 1920K, reserved 1048576K
}
Event: 4.351 GC heap before
{Heap before GC invocations=31 (full 0):
 garbage-first heap   total 277504K, used 132640K [0x0000000081c00000, 0x0000000100000000)
  region size 1024K, 2 young (2048K), 1 survivors (1024K)
 Metaspace       used 12615K, capacity 14399K, committed 14464K, reserved 1062912K
  class space    used 1710K, capacity 1916K, committed 1920K, reserved 1048576K
}
Event: 4.352 GC heap after
{Heap after GC invocations=32 (full 0):
 garbage-first heap   total 277504K, used 132643K [0x0000000081c00000, 0x0000000100000000)
  region size 1024K, 1 young (1024K), 1 survivors (1024K)
 Metaspace       used 12615K, capacity 14399K, committed 14464K, reserved 1062912K
  class space    used 1710K, capacity 1916K, committed 1920K, reserved 1048576K
}
Event: 4.376 GC heap before
{Heap before GC invocations=33 (full 0):
 garbage-first heap   total 277504K, used 137763K [0x0000000081c00000, 0x0000000100000000)
  region size 1024K, 2 young (2048K), 1 survivors (1024K)
 Metaspace       used 12615K, capacity 14399K, committed 14464K, reserved 1062912K
  class space    used 1710K, capacity 1916K, committed 1920K, reserved 1048576K
}
Event: 4.378 GC heap after
{Heap after GC invocations=34 (full 0):
 garbage-first heap   total 277504K, used 137768K [0x0000000081c00000, 0x0000000100000000)
  region size 1024K, 1 young (1024K), 1 survivors (1024K)
 Metaspace       used 12615K, capacity 14399K, committed 14464K, reserved 1062912K
  class space    used 1710K, capacity 1916K, committed 1920K, reserved 1048576K
}
Event: 4.402 GC heap before
{Heap before GC invocations=35 (full 0):
 garbage-first heap   total 277504K, used 142888K [0x0000000081c00000, 0x0000000100000000)
  region size 1024K, 2 young (2048K), 1 survivors (1024K)
 Metaspace       used 12615K, capacity 14399K, committed 14464K, reserved 1062912K
  class space    used 1710K, capacity 1916K, committed 1920K, reserved 1048576K
}
Event: 4.404 GC heap after
{Heap after GC invocations=36 (full 0):
 garbage-first heap   total 277504K, used 142895K [0x0000000081c00000, 0x0000000100000000)
  region size 1024K, 1 young (1024K), 1 survivors (1024K)
 Metaspace       used 12615K, capacity 14399K, committed 14464K, reserved 1062912K
  class space    used 1710K, capacity 1916K, committed 1920K, reserved 1048576K
}
Event: 4.428 GC heap before
{Heap before GC invocations=37 (full 0):
 garbage-first heap   total 277504K, used 148015K [0x0000000081c00000, 0x0000000100000000)
  region size 1024K, 2 young (2048K), 1 survivors (1024K)
 Metaspace       used 12616K, capacity 14399K, committed 14464K, reserved 1062912K
  class space    used 1710K, capacity 1916K, committed 1920K, reserved 1048576K
}

Deoptimization events (20 events):
Event: 1.223 Thread 0x000001945a86fb00 Uncommon trap: trap_request=0xffffffc6 fr.pc=0x000001944a8cec2c relative=0x000000000000062c
Event: 1.223 Thread 0x000001945a86fb00 Uncommon trap: reason=bimorphic_or_optimized_type_check action=maybe_recompile pc=0x000001944a8cec2c method=java.util.HashMap.getNode(Ljava/lang/Object;)Ljava/util/HashMap$Node; @ 128 c2
Event: 1.223 Thread 0x000001945a86fb00 DEOPT PACKING pc=0x000001944a8cec2c sp=0x00000023550fcfc0
Event: 1.223 Thread 0x000001945a86fb00 DEOPT UNPACKING pc=0x0000019442dce42f sp=0x00000023550fced8 mode 2
Event: 1.237 Thread 0x000001945a86fb00 Uncommon trap: trap_request=0xffffffc6 fr.pc=0x000001944a8cec2c relative=0x000000000000062c
Event: 1.237 Thread 0x000001945a86fb00 Uncommon trap: reason=bimorphic_or_optimized_type_check action=maybe_recompile pc=0x000001944a8cec2c method=java.util.HashMap.getNode(Ljava/lang/Object;)Ljava/util/HashMap$Node; @ 128 c2
Event: 1.237 Thread 0x000001945a86fb00 DEOPT PACKING pc=0x000001944a8cec2c sp=0x00000023550fd3c0
Event: 1.237 Thread 0x000001945a86fb00 DEOPT UNPACKING pc=0x0000019442dce42f sp=0x00000023550fd2d8 mode 2
Event: 1.342 Thread 0x000001945a86e7c0 Uncommon trap: trap_request=0xffffffde fr.pc=0x000001944a8aa6e0 relative=0x0000000000000920
Event: 1.342 Thread 0x000001945a86e7c0 Uncommon trap: reason=class_check action=maybe_recompile pc=0x000001944a8aa6e0 method=java.io.BufferedInputStream.read1([BII)I @ 39 c2
Event: 1.342 Thread 0x000001945a86e7c0 DEOPT PACKING pc=0x000001944a8aa6e0 sp=0x0000002354efd270
Event: 1.342 Thread 0x000001945a86e7c0 DEOPT UNPACKING pc=0x0000019442dce42f sp=0x0000002354efd1b8 mode 2
Event: 1.343 Thread 0x000001945a86e7c0 Uncommon trap: trap_request=0xffffff45 fr.pc=0x000001944a8aa694 relative=0x00000000000008d4
Event: 1.343 Thread 0x000001945a86e7c0 Uncommon trap: reason=unstable_if action=reinterpret pc=0x000001944a8aa694 method=java.io.BufferedInputStream.fill()V @ 189 c2
Event: 1.343 Thread 0x000001945a86e7c0 DEOPT PACKING pc=0x000001944a8aa694 sp=0x0000002354efd270
Event: 1.343 Thread 0x000001945a86e7c0 DEOPT UNPACKING pc=0x0000019442dce42f sp=0x0000002354efd158 mode 2
Event: 2.164 Thread 0x000001945a86e7c0 DEOPT PACKING pc=0x00000194435823c1 sp=0x0000002354efd530
Event: 2.164 Thread 0x000001945a86e7c0 DEOPT UNPACKING pc=0x0000019442dce23f sp=0x0000002354efc988 mode 0
Event: 2.165 Thread 0x000001945a86e7c0 DEOPT PACKING pc=0x00000194435823c1 sp=0x0000002354efd6c0
Event: 2.165 Thread 0x000001945a86e7c0 DEOPT UNPACKING pc=0x0000019442dce23f sp=0x0000002354efcb18 mode 0

Classes unloaded (0 events):
No events

Classes redefined (0 events):
No events

Internal exceptions (20 events):
Event: 1.032 Thread 0x000001945a86fb00 Implicit null exception at 0x000001944a8b848f to 0x000001944a8b88e8
Event: 1.033 Thread 0x000001945a86fb00 Implicit null exception at 0x000001944a872a2f to 0x000001944a872aa9
Event: 1.035 Thread 0x000001945a86fb00 Exception <a 'java/io/FileNotFoundException'{0x000000008929fb10}> (0x000000008929fb10) 
thrown [./open/src/hotspot/share/prims/jni.cpp, line 578]
Event: 1.054 Thread 0x000001945a86fb00 Exception <a 'java/io/FileNotFoundException'{0x00000000891d8708}> (0x00000000891d8708) 
thrown [./open/src/hotspot/share/prims/jni.cpp, line 578]
Event: 1.056 Thread 0x000001945a86fb00 Exception <a 'java/io/FileNotFoundException'{0x00000000891dea10}> (0x00000000891dea10) 
thrown [./open/src/hotspot/share/prims/jni.cpp, line 578]
Event: 1.056 Thread 0x000001945a86fb00 Exception <a 'java/io/FileNotFoundException'{0x00000000891e2298}> (0x00000000891e2298) 
thrown [./open/src/hotspot/share/prims/jni.cpp, line 578]
Event: 1.057 Thread 0x000001945a86fb00 Exception <a 'java/io/FileNotFoundException'{0x00000000891e5b20}> (0x00000000891e5b20) 
thrown [./open/src/hotspot/share/prims/jni.cpp, line 578]
Event: 1.058 Thread 0x000001945a86fb00 Exception <a 'java/io/FileNotFoundException'{0x00000000891e9428}> (0x00000000891e9428) 
thrown [./open/src/hotspot/share/prims/jni.cpp, line 578]
Event: 1.213 Thread 0x000001945a86fb00 Exception <a 'java/lang/NoSuchMethodError'{0x0000000088dcf780}: 'java.lang.Object java.lang.invoke.DirectMethodHandle$Holder.invokeInterface(java.lang.Object, java.lang.Object, java.lang.Object)'> (0x0000000088dcf780) 
thrown [./open/src/hotspot/share/interpreter/linkResolver.cpp, line 782]
Event: 1.213 Thread 0x000001945a86fb00 Exception <a 'java/lang/IncompatibleClassChangeError'{0x0000000088dd3300}: Found class java.lang.Object, but interface was expected> (0x0000000088dd3300) 
thrown [./open/src/hotspot/share/interpreter/linkResolver.cpp, line 848]
Event: 1.289 Thread 0x000001945a86fb00 Exception <a 'java/lang/NoSuchMethodError'{0x0000000088bbc738}: 'java.lang.Object java.lang.invoke.DirectMethodHandle$Holder.newInvokeSpecial(java.lang.Object, java.lang.Object, int)'> (0x0000000088bbc738) 
thrown [./open/src/hotspot/share/interpreter/linkResolver.cpp, line 782]
Event: 1.313 Thread 0x000001945a86e7c0 Exception <a 'java/lang/NoSuchMethodError'{0x0000000088a8c140}: 'int java.lang.invoke.DirectMethodHandle$Holder.invokeStaticInit(java.lang.Object, java.lang.Object)'> (0x0000000088a8c140) 
thrown [./open/src/hotspot/share/interpreter/linkResolver.cpp, line 782]
Event: 2.040 Thread 0x000001945a86e7c0 Exception <a 'java/lang/NoSuchMethodError'{0x00000000887524d8}: 'java.lang.Object java.lang.invoke.DirectMethodHandle$Holder.invokeStaticInit(java.lang.Object, int)'> (0x00000000887524d8) 
thrown [./open/src/hotspot/share/interpreter/linkResolver.cpp, line 782]
Event: 2.159 Thread 0x000001945a86fb00 Exception <a 'java/lang/NoSuchMethodError'{0x000000008856a978}: 'long java.lang.invoke.DirectMethodHandle$Holder.invokeStatic(java.lang.Object, java.lang.Object, java.lang.Object)'> (0x000000008856a978) 
thrown [./open/src/hotspot/share/interpreter/linkResolver.cpp, line 782]
Event: 2.159 Thread 0x000001945a86fb00 Exception <a 'java/lang/NoSuchMethodError'{0x000000008856e328}: 'long java.lang.invoke.DirectMethodHandle$Holder.invokeStaticInit(java.lang.Object, java.lang.Object, java.lang.Object)'> (0x000000008856e328) 
thrown [./open/src/hotspot/share/interpreter/linkResolver.cpp, line 782]
Event: 2.161 Thread 0x000001945a86fb00 Exception <a 'java/lang/NoSuchMethodError'{0x00000000885894a0}: 'java.lang.Object java.lang.invoke.DirectMethodHandle$Holder.newInvokeSpecial(java.lang.Object, java.lang.Object, long)'> (0x00000000885894a0) 
thrown [./open/src/hotspot/share/interpreter/linkResolver.cpp, line 782]
Event: 2.161 Thread 0x000001945a86fb00 Exception <a 'java/lang/NoSuchMethodError'{0x000000008858d210}: 'java.lang.Object java.lang.invoke.Invokers$Holder.linkToTargetMethod(java.lang.Object, long, java.lang.Object)'> (0x000000008858d210) 
thrown [./open/src/hotspot/share/interpreter/linkResolver.cpp, line 782]
Event: 3.281 Thread 0x000001945a86fb00 Exception <a 'java/lang/NoSuchMethodError'{0x0000000088153ba8}: 'java.lang.Object java.lang.invoke.DirectMethodHandle$Holder.newInvokeSpecial(java.lang.Object, java.lang.Object, int, int, int, int, int, java.lang.Object)'> (0x0000000088153ba8) 
thrown [./open/src/hotspot/share/interpreter/linkResolver.cpp, line 782]
Event: 3.283 Thread 0x000001945a86fb00 Exception <a 'java/lang/NoSuchMethodError'{0x0000000088167718}: 'java.lang.Object java.lang.invoke.DirectMethodHandle$Holder.newInvokeSpecial(java.lang.Object, java.lang.Object, java.lang.Object, int, int, int, int, int)'> (0x0000000088167718) 
thrown [./open/src/hotspot/share/interpreter/linkResolver.cpp, line 782]
Event: 3.283 Thread 0x000001945a86fb00 Exception <a 'java/lang/NoSuchMethodError'{0x00000000881bec88}: 'java.lang.Object java.lang.invoke.Invokers$Holder.linkToTargetMethod(java.lang.Object, java.lang.Object, int, int, int, int, int, java.lang.Object)'> (0x00000000881bec88) 
thrown [./open/src/hotspot/share/interpreter/linkResolver.cpp, line 782]

Events (20 events):
Event: 4.336 Executing VM operation: G1Concurrent done
Event: 4.351 Executing VM operation: G1TryInitiateConcMark
Event: 4.352 Executing VM operation: G1TryInitiateConcMark done
Event: 4.358 Executing VM operation: G1Concurrent
Event: 4.359 Executing VM operation: G1Concurrent done
Event: 4.362 Executing VM operation: G1Concurrent
Event: 4.362 Executing VM operation: G1Concurrent done
Event: 4.376 Executing VM operation: G1TryInitiateConcMark
Event: 4.378 Executing VM operation: G1TryInitiateConcMark done
Event: 4.383 Executing VM operation: G1Concurrent
Event: 4.384 Executing VM operation: G1Concurrent done
Event: 4.387 Executing VM operation: G1Concurrent
Event: 4.387 Executing VM operation: G1Concurrent done
Event: 4.402 Executing VM operation: G1TryInitiateConcMark
Event: 4.404 Executing VM operation: G1TryInitiateConcMark done
Event: 4.408 Executing VM operation: G1Concurrent
Event: 4.409 Executing VM operation: G1Concurrent done
Event: 4.411 Executing VM operation: G1Concurrent
Event: 4.412 Executing VM operation: G1Concurrent done
Event: 4.428 Executing VM operation: G1TryInitiateConcMark


Dynamic libraries:
0x00007ff71fe10000 - 0x00007ff71fe1f000 	C:\Program Files\Java\jdk-15.0.1\bin\javaw.exe
0x00007fffcafa0000 - 0x00007fffcb1a9000 	C:\WINDOWS\SYSTEM32\ntdll.dll
0x00007fffc8e60000 - 0x00007fffc8f1d000 	C:\WINDOWS\System32\KERNEL32.DLL
0x00007fffc8540000 - 0x00007fffc88b4000 	C:\WINDOWS\System32\KERNELBASE.dll
0x00007fffc8a30000 - 0x00007fffc8b41000 	C:\WINDOWS\System32\ucrtbase.dll
0x00007fffc63d0000 - 0x00007fffc63e8000 	C:\Program Files\Java\jdk-15.0.1\bin\jli.dll
0x00007fffb6f50000 - 0x00007fffb6f69000 	C:\Program Files\Java\jdk-15.0.1\bin\VCRUNTIME140.dll
0x00007fffc9a90000 - 0x00007fffc9b3e000 	C:\WINDOWS\System32\ADVAPI32.dll
0x00007fffc9330000 - 0x00007fffc93d3000 	C:\WINDOWS\System32\msvcrt.dll
0x00007fffc9b40000 - 0x00007fffc9bde000 	C:\WINDOWS\System32\sechost.dll
0x00007fffc8f80000 - 0x00007fffc90a0000 	C:\WINDOWS\System32\RPCRT4.dll
0x00007fffcaa10000 - 0x00007fffcabbc000 	C:\WINDOWS\System32\USER32.dll
0x00007fffb54e0000 - 0x00007fffb5785000 	C:\WINDOWS\WinSxS\amd64_microsoft.windows.common-controls_6595b64144ccf1df_6.0.22000.120_none_9d947278b86cc467\COMCTL32.dll
0x00007fffc8490000 - 0x00007fffc84b6000 	C:\WINDOWS\System32\win32u.dll
0x00007fffcaeb0000 - 0x00007fffcaed9000 	C:\WINDOWS\System32\GDI32.dll
0x00007fffc8b50000 - 0x00007fffc8c62000 	C:\WINDOWS\System32\gdi32full.dll
0x00007fffc8d30000 - 0x00007fffc8dcd000 	C:\WINDOWS\System32\msvcp_win.dll
0x00007fffc0cf0000 - 0x00007fffc0cfa000 	C:\WINDOWS\SYSTEM32\VERSION.dll
0x00007fffca5d0000 - 0x00007fffca601000 	C:\WINDOWS\System32\IMM32.DLL
0x00007fffc63b0000 - 0x00007fffc63bc000 	C:\Program Files\Java\jdk-15.0.1\bin\vcruntime140_1.dll
0x00007fffb2ed0000 - 0x00007fffb2f61000 	C:\Program Files\Java\jdk-15.0.1\bin\msvcp140.dll
0x00007fff6e810000 - 0x00007fff6f36e000 	C:\Program Files\Java\jdk-15.0.1\bin\server\jvm.dll
0x00007fffcaa00000 - 0x00007fffcaa08000 	C:\WINDOWS\System32\PSAPI.DLL
0x00007fffb24e0000 - 0x00007fffb24e9000 	C:\WINDOWS\SYSTEM32\WSOCK32.dll
0x00007fffc28e0000 - 0x00007fffc2913000 	C:\WINDOWS\SYSTEM32\WINMM.dll
0x00007fffcabc0000 - 0x00007fffcac2f000 	C:\WINDOWS\System32\WS2_32.dll
0x00007fffc7640000 - 0x00007fffc7658000 	C:\WINDOWS\SYSTEM32\kernel.appcore.dll
0x00007fffc49b0000 - 0x00007fffc49ba000 	C:\Program Files\Java\jdk-15.0.1\bin\jimage.dll
0x00007fffc5770000 - 0x00007fffc5991000 	C:\WINDOWS\SYSTEM32\DBGHELP.DLL
0x00007fffadbb0000 - 0x00007fffadbe1000 	C:\WINDOWS\SYSTEM32\dbgcore.DLL
0x00007fffc84c0000 - 0x00007fffc853f000 	C:\WINDOWS\System32\bcryptPrimitives.dll
0x00007fffb31e0000 - 0x00007fffb3205000 	C:\Program Files\Java\jdk-15.0.1\bin\java.dll
0x00007fffc9be0000 - 0x00007fffca38f000 	C:\WINDOWS\System32\SHELL32.dll
0x00007fffc65c0000 - 0x00007fffc6e28000 	C:\WINDOWS\SYSTEM32\windows.storage.dll
0x00007fffca680000 - 0x00007fffca9f8000 	C:\WINDOWS\System32\combase.dll
0x00007fffc6450000 - 0x00007fffc65b6000 	C:\WINDOWS\SYSTEM32\wintypes.dll
0x00007fffc9900000 - 0x00007fffc99ea000 	C:\WINDOWS\System32\SHCORE.dll
0x00007fffc92c0000 - 0x00007fffc931d000 	C:\WINDOWS\System32\shlwapi.dll
0x00007fffc83c0000 - 0x00007fffc83e1000 	C:\WINDOWS\SYSTEM32\profapi.dll
0x00007fffb31c0000 - 0x00007fffb31d9000 	C:\Program Files\Java\jdk-15.0.1\bin\net.dll
0x00007fffc2d60000 - 0x00007fffc2e6c000 	C:\WINDOWS\SYSTEM32\WINHTTP.dll
0x00007fffc7a70000 - 0x00007fffc7ad7000 	C:\WINDOWS\system32\mswsock.dll
0x00007fffb2fb0000 - 0x00007fffb2fc2000 	C:\Program Files\Java\jdk-15.0.1\bin\nio.dll
0x00007fffb2eb0000 - 0x00007fffb2ec8000 	C:\Program Files\Java\jdk-15.0.1\bin\zip.dll
0x000001945bb40000 - 0x000001945bb43000 	C:\Program Files\Java\javafx-sdk-18\bin\api-ms-win-core-console-l1-1-0.dll
0x000001945bb50000 - 0x000001945bb53000 	C:\Program Files\Java\javafx-sdk-18\bin\api-ms-win-core-console-l1-2-0.dll
0x000001945bc80000 - 0x000001945bc83000 	C:\Program Files\Java\javafx-sdk-18\bin\api-ms-win-core-datetime-l1-1-0.dll
0x000001945bb60000 - 0x000001945bb63000 	C:\Program Files\Java\javafx-sdk-18\bin\api-ms-win-core-debug-l1-1-0.dll
0x000001945bb70000 - 0x000001945bb73000 	C:\Program Files\Java\javafx-sdk-18\bin\api-ms-win-core-errorhandling-l1-1-0.dll
0x000001945bb80000 - 0x000001945bb84000 	C:\Program Files\Java\javafx-sdk-18\bin\api-ms-win-core-file-l1-1-0.dll
0x000001945bb90000 - 0x000001945bb93000 	C:\Program Files\Java\javafx-sdk-18\bin\api-ms-win-core-file-l1-2-0.dll
0x000001945bba0000 - 0x000001945bba3000 	C:\Program Files\Java\javafx-sdk-18\bin\api-ms-win-core-file-l2-1-0.dll
0x000001945bbb0000 - 0x000001945bbb3000 	C:\Program Files\Java\javafx-sdk-18\bin\api-ms-win-core-handle-l1-1-0.dll
0x000001945bbc0000 - 0x000001945bbc3000 	C:\Program Files\Java\javafx-sdk-18\bin\api-ms-win-core-heap-l1-1-0.dll
0x000001945bbd0000 - 0x000001945bbd3000 	C:\Program Files\Java\javafx-sdk-18\bin\api-ms-win-core-interlocked-l1-1-0.dll
0x000001945bbe0000 - 0x000001945bbe3000 	C:\Program Files\Java\javafx-sdk-18\bin\api-ms-win-core-libraryloader-l1-1-0.dll
0x000001945bbf0000 - 0x000001945bbf3000 	C:\Program Files\Java\javafx-sdk-18\bin\api-ms-win-core-localization-l1-2-0.dll
0x000001945bc00000 - 0x000001945bc03000 	C:\Program Files\Java\javafx-sdk-18\bin\api-ms-win-core-memory-l1-1-0.dll
0x000001945bc10000 - 0x000001945bc13000 	C:\Program Files\Java\javafx-sdk-18\bin\api-ms-win-core-namedpipe-l1-1-0.dll
0x000001945bc20000 - 0x000001945bc23000 	C:\Program Files\Java\javafx-sdk-18\bin\api-ms-win-core-processenvironment-l1-1-0.dll
0x000001945bc30000 - 0x000001945bc33000 	C:\Program Files\Java\javafx-sdk-18\bin\api-ms-win-core-processthreads-l1-1-0.dll
0x000001945bc40000 - 0x000001945bc43000 	C:\Program Files\Java\javafx-sdk-18\bin\api-ms-win-core-processthreads-l1-1-1.dll
0x000001945bc50000 - 0x000001945bc53000 	C:\Program Files\Java\javafx-sdk-18\bin\api-ms-win-core-profile-l1-1-0.dll
0x000001945bc60000 - 0x000001945bc63000 	C:\Program Files\Java\javafx-sdk-18\bin\api-ms-win-core-rtlsupport-l1-1-0.dll
0x000001945bc70000 - 0x000001945bc73000 	C:\Program Files\Java\javafx-sdk-18\bin\api-ms-win-core-string-l1-1-0.dll
0x000001945bc90000 - 0x000001945bc93000 	C:\Program Files\Java\javafx-sdk-18\bin\api-ms-win-core-synch-l1-1-0.dll
0x000001945bca0000 - 0x000001945bca3000 	C:\Program Files\Java\javafx-sdk-18\bin\api-ms-win-core-synch-l1-2-0.dll
0x000001945bcb0000 - 0x000001945bcb3000 	C:\Program Files\Java\javafx-sdk-18\bin\api-ms-win-core-sysinfo-l1-1-0.dll
0x000001945bdf0000 - 0x000001945bdf3000 	C:\Program Files\Java\javafx-sdk-18\bin\api-ms-win-core-timezone-l1-1-0.dll
0x000001945bcc0000 - 0x000001945bcc3000 	C:\Program Files\Java\javafx-sdk-18\bin\api-ms-win-core-util-l1-1-0.dll
0x000001945bcd0000 - 0x000001945bcd3000 	C:\Program Files\Java\javafx-sdk-18\bin\api-ms-win-crt-conio-l1-1-0.dll
0x000001945bce0000 - 0x000001945bce4000 	C:\Program Files\Java\javafx-sdk-18\bin\api-ms-win-crt-convert-l1-1-0.dll
0x000001945bcf0000 - 0x000001945bcf3000 	C:\Program Files\Java\javafx-sdk-18\bin\api-ms-win-crt-environment-l1-1-0.dll
0x000001945bd00000 - 0x000001945bd03000 	C:\Program Files\Java\javafx-sdk-18\bin\api-ms-win-crt-filesystem-l1-1-0.dll
0x000001945bd10000 - 0x000001945bd13000 	C:\Program Files\Java\javafx-sdk-18\bin\api-ms-win-crt-heap-l1-1-0.dll
0x000001945bd20000 - 0x000001945bd23000 	C:\Program Files\Java\javafx-sdk-18\bin\api-ms-win-crt-locale-l1-1-0.dll
0x000001945bd30000 - 0x000001945bd35000 	C:\Program Files\Java\javafx-sdk-18\bin\api-ms-win-crt-math-l1-1-0.dll
0x000001945bd40000 - 0x000001945bd45000 	C:\Program Files\Java\javafx-sdk-18\bin\api-ms-win-crt-multibyte-l1-1-0.dll
0x000001945bd50000 - 0x000001945bd60000 	C:\Program Files\Java\javafx-sdk-18\bin\api-ms-win-crt-private-l1-1-0.dll
0x000001945bd60000 - 0x000001945bd63000 	C:\Program Files\Java\javafx-sdk-18\bin\api-ms-win-crt-process-l1-1-0.dll
0x000001945bd70000 - 0x000001945bd74000 	C:\Program Files\Java\javafx-sdk-18\bin\api-ms-win-crt-runtime-l1-1-0.dll
0x000001945bd80000 - 0x000001945bd84000 	C:\Program Files\Java\javafx-sdk-18\bin\api-ms-win-crt-stdio-l1-1-0.dll
0x000001945bd90000 - 0x000001945bd94000 	C:\Program Files\Java\javafx-sdk-18\bin\api-ms-win-crt-string-l1-1-0.dll
0x000001945bda0000 - 0x000001945bda3000 	C:\Program Files\Java\javafx-sdk-18\bin\api-ms-win-crt-time-l1-1-0.dll
0x000001945bdb0000 - 0x000001945bdb3000 	C:\Program Files\Java\javafx-sdk-18\bin\api-ms-win-crt-utility-l1-1-0.dll
0x00007fffb0130000 - 0x00007fffb022c000 	C:\Program Files\Java\javafx-sdk-18\bin\ucrtbase.dll
0x00007fffb6120000 - 0x00007fffb613a000 	C:\Program Files\Java\javafx-sdk-18\bin\vcruntime140.dll
0x00007fffc48f0000 - 0x00007fffc48fc000 	C:\Program Files\Java\javafx-sdk-18\bin\vcruntime140_1.dll
0x00007fffb1d10000 - 0x00007fffb1d9d000 	C:\Program Files\Java\javafx-sdk-18\bin\msvcp140.dll
0x00007fffb59b0000 - 0x00007fffb59dc000 	C:\Program Files\Java\javafx-sdk-18\bin\prism_d3d.dll
0x00007fffbcd70000 - 0x00007fffbcf16000 	C:\WINDOWS\system32\d3d9.dll
0x00007fffc5e70000 - 0x00007fffc5e9f000 	C:\WINDOWS\SYSTEM32\dwmapi.dll
0x00007fffc5bb0000 - 0x00007fffc5be8000 	C:\WINDOWS\SYSTEM32\dxcore.dll
0x00007fffc5ac0000 - 0x00007fffc5b6c000 	C:\WINDOWS\system32\uxtheme.dll
0x00007fff9bc30000 - 0x00007fff9bd93000 	C:\Windows\System32\DriverStore\FileRepository\iigd_dch.inf_amd64_d7403bad0b41f2bd\igdumdim64.dll
0x00007fff25470000 - 0x00007fff28eb2000 	C:\Windows\System32\DriverStore\FileRepository\iigd_dch.inf_amd64_d7403bad0b41f2bd\igd9dxva64.dll
0x00007fffcad10000 - 0x00007fffcaeaa000 	C:\WINDOWS\System32\ole32.dll
0x00007fffcac30000 - 0x00007fffcad06000 	C:\WINDOWS\System32\OLEAUT32.dll
0x00007fffc9490000 - 0x00007fffc98fc000 	C:\WINDOWS\System32\SETUPAPI.dll
0x00007fffc8190000 - 0x00007fffc81dc000 	C:\WINDOWS\SYSTEM32\cfgmgr32.dll
0x00007fffbe110000 - 0x00007fffbe34f000 	C:\Windows\System32\DriverStore\FileRepository\iigd_dch.inf_amd64_d7403bad0b41f2bd\igdgmm64.dll
0x00007fffc24c0000 - 0x00007fffc2504000 	C:\WINDOWS\SYSTEM32\directxdatabasehelper.dll
0x00007fffc5d50000 - 0x00007fffc5d84000 	C:\WINDOWS\SYSTEM32\ntmarta.dll
0x00007fffb1540000 - 0x00007fffb1582000 	C:\Program Files\Java\javafx-sdk-18\bin\glass.dll
0x00007fffc90a0000 - 0x00007fffc918c000 	C:\WINDOWS\System32\COMDLG32.dll
0x00007fffc9190000 - 0x00007fffc92ae000 	C:\WINDOWS\System32\MSCTF.dll
0x00007fff9f8e0000 - 0x00007fff9f907000 	C:\Windows\System32\DriverStore\FileRepository\iigd_dch.inf_amd64_d7403bad0b41f2bd\igdinfo64.dll
0x00007fffb8860000 - 0x00007fffbb429000 	C:\Windows\System32\DriverStore\FileRepository\iigd_dch.inf_amd64_d7403bad0b41f2bd\igc64.dll
0x00007fffb2540000 - 0x00007fffb2554000 	C:\Program Files\Java\javafx-sdk-18\bin\javafx_font.dll
0x00007fffaec90000 - 0x00007fffaeeef000 	C:\WINDOWS\SYSTEM32\dwrite.dll
0x00007fffc93e0000 - 0x00007fffc948f000 	C:\WINDOWS\System32\clbcatq.dll
0x00007fffbffc0000 - 0x00007fffc016e000 	C:\WINDOWS\SYSTEM32\WindowsCodecs.dll
0x00007fff92cd0000 - 0x00007fff92d2d000 	C:\WINDOWS\system32\dataexchange.dll
0x00007fffbf540000 - 0x00007fffbf7a6000 	C:\WINDOWS\system32\twinapi.appcore.dll
0x00007fffc48b0000 - 0x00007fffc48e2000 	C:\Program Files\Common Files\Microsoft Shared\Ink\rtscom.dll
0x00007fffadd50000 - 0x00007fffade7d000 	C:\WINDOWS\SYSTEM32\textinputframework.dll
0x00007fffc5260000 - 0x00007fffc5392000 	C:\WINDOWS\SYSTEM32\CoreMessaging.dll
0x00007fffc1100000 - 0x00007fffc146d000 	C:\WINDOWS\SYSTEM32\CoreUIComponents.dll
0x00007fffc7c80000 - 0x00007fffc7c8c000 	C:\WINDOWS\SYSTEM32\CRYPTBASE.DLL

dbghelp: loaded successfully - version: 4.0.5 - missing functions: none
symbol engine: initialized successfully - sym options: 0x614 - pdb path: .;C:\Program Files\Java\jdk-15.0.1\bin;C:\WINDOWS\SYSTEM32;C:\WINDOWS\WinSxS\amd64_microsoft.windows.common-controls_6595b64144ccf1df_6.0.22000.120_none_9d947278b86cc467;C:\Program Files\Java\jdk-15.0.1\bin\server;C:\Program Files\Java\javafx-sdk-18\bin;C:\Windows\System32\DriverStore\FileRepository\iigd_dch.inf_amd64_d7403bad0b41f2bd;C:\Program Files\Common Files\Microsoft Shared\Ink

VM Arguments:
jvm_args: --module-path=C:\Program Files\Java\javafx-sdk-18\lib --add-modules=javafx.controls,javafx.fxml -Dfile.encoding=Cp1252 -XX:+ShowCodeDetailsInExceptionMessages 
java_command: application.Main
java_class_path (initial): D:\M1-STL\S2\CPA\SpaceShooter-eclipse\bin;C:\Users\Joumana\.p2\pool\plugins\org.eclipse.fx.ide.css.jfx8_3.7.0.202010120832.jar;C:\Program Files\Java\javafx-sdk-18\lib\javafx.base.jar;C:\Program Files\Java\javafx-sdk-18\lib\javafx.controls.jar;C:\Program Files\Java\javafx-sdk-18\lib\javafx.fxml.jar;C:\Program Files\Java\javafx-sdk-18\lib\javafx.graphics.jar;C:\Program Files\Java\javafx-sdk-18\lib\javafx.media.jar;C:\Program Files\Java\javafx-sdk-18\lib\javafx.swing.jar;C:\Program Files\Java\javafx-sdk-18\lib\javafx.web.jar;C:\Program Files\Java\javafx-sdk-18\lib\javafx-swt.jar
Launcher Type: SUN_STANDARD

[Global flags]
     intx CICompilerCount                          = 4                                         {product} {ergonomic}
     uint ConcGCThreads                            = 2                                         {product} {ergonomic}
     uint G1ConcRefinementThreads                  = 8                                         {product} {ergonomic}
   size_t G1HeapRegionSize                         = 1048576                                   {product} {ergonomic}
    uintx GCDrainStackTargetSize                   = 64                                        {product} {ergonomic}
   size_t InitialHeapSize                          = 134217728                                 {product} {ergonomic}
   size_t MarkStackSize                            = 4194304                                   {product} {ergonomic}
   size_t MaxHeapSize                              = 2118123520                                {product} {ergonomic}
   size_t MaxNewSize                               = 1270874112                                {product} {ergonomic}
   size_t MinHeapDeltaBytes                        = 1048576                                   {product} {ergonomic}
   size_t MinHeapSize                              = 8388608                                   {product} {ergonomic}
    uintx NonNMethodCodeHeapSize                   = 5839372                                {pd product} {ergonomic}
    uintx NonProfiledCodeHeapSize                  = 122909434                              {pd product} {ergonomic}
    uintx ProfiledCodeHeapSize                     = 122909434                              {pd product} {ergonomic}
    uintx ReservedCodeCacheSize                    = 251658240                              {pd product} {ergonomic}
     bool SegmentedCodeCache                       = true                                      {product} {ergonomic}
     bool ShowCodeDetailsInExceptionMessages       = true                                   {manageable} {command line}
   size_t SoftMaxHeapSize                          = 2118123520                             {manageable} {ergonomic}
     bool UseCompressedClassPointers               = true                                 {lp64_product} {ergonomic}
     bool UseCompressedOops                        = true                                 {lp64_product} {ergonomic}
     bool UseG1GC                                  = true                                      {product} {ergonomic}
     bool UseLargePagesIndividualAllocation        = false                                  {pd product} {ergonomic}

Logging:
Log output configuration:
 #0: stdout all=warning uptime,level,tags
 #1: stderr all=off uptime,level,tags

Environment Variables:
JAVA_HOME=C:\Program Files\Java\jdk1.8.0_271
PATH=C:\Program Files\Java\javafx-sdk-18\bin;C:\Program Files (x86)\Common Files\Oracle\Java\javapath;C:\Program Files\Common Files\Oracle\Java\javapath;C:\Windows\system32;C:\Windows;C:\Windows\System32\Wbem;C:\Windows\System32\WindowsPowerShell\v1.0\;C:\Windows\System32\OpenSSH\;C:\Program Files\NVIDIA Corporation\NVIDIA NvDLISR;C:\Program Files\nodejs\;C:\Program Files\Git\cmd;C:\Program Files\dotnet\;C:\WINDOWS\system32;C:\WINDOWS;C:\WINDOWS\System32\Wbem;C:\WINDOWS\System32\WindowsPowerShell\v1.0\;C:\WINDOWS\System32\OpenSSH\;C:\Users\Joumana\AppData\Local\Programs\Python\Python39\;C:\OCaml64\home\Joumana\.opam\4.12.0+mingw64c\bin;C:\cygwin\bin;C:\Program Files\Graphviz\bin;C:\Program Files (x86)\GnuWin32\bin;C:\Dev-Cpp\bin;C:\MinGW\bin;C:\Users\Joumana\AppData\Local\Programs\Python\Python39\Scripts\;C:\Users\Joumana\AppData\Local\Programs\Python\Python39\;C:\MinGW\bin;C:\Users\Joumana\AppData\Roaming\npm;D:\L3 MIAGE\S6\SI\use-6.0.0\bin;C:\Users\Joumana\AppData\Local\Programs\Microsoft VS Code\bin;C:\Users\Joumana\AppData\Roaming\TinyTeX\bin\win32;C:\Program Files\heroku\bin;C:\Program Files\apache-maven-3.8.1\bin;C:\Users\Joumana\AppData\Local\Microsoft\WindowsApps;
USERNAME=Joumana
OS=Windows_NT
PROCESSOR_IDENTIFIER=Intel64 Family 6 Model 158 Stepping 10, GenuineIntel



---------------  S Y S T E M  ---------------

OS:
 Windows 10 , 64 bit Build 22000 (10.0.22000.613)
OS uptime: 3 days 20:21 hours
HyperV virtualization detected

CPU: total 8 (initial active 8) (4 cores per cpu, 2 threads per core) family 6 model 158 stepping 10 microcode 0xde, cmov, cx8, fxsr, mmx, sse, sse2, sse3, ssse3, sse4.1, sse4.2, popcnt, vzeroupper, avx, avx2, aes, clmul, erms, 3dnowpref, lzcnt, ht, tsc, tscinvbit, bmi1, bmi2, adx, fma, clflush, clflushopt

Memory: 4k page, system-wide physical 8072M (303M free)
TotalPageFile size 23172M (AvailPageFile size 63M)
current process WorkingSet (physical memory assigned to process): 307M, peak: 307M
current process commit charge ("private bytes"): 481M, peak: 579M

vm_info: Java HotSpot(TM) 64-Bit Server VM (15.0.1+9-18) for windows-amd64 JRE (15.0.1+9-18), built on Sep 15 2020 14:43:54 by "mach5one" with unknown MS VC++:1925

END.
